2023-10-04 15:28:17,604 [INFO] Activator:176 - 


2023-10-04 15:28:17,623 [INFO] Activator:177 - !SESSION log4j initialized
2023-10-04 15:28:33,359 [INFO] LogOutputStream:77 - [STDOUT_REDIRECT] 
2023-10-04 15:28:37,086 [INFO] ApplicationProperties:184 - Using Application install path: C:\mechatronics\STM32CubeIDE_1.10.1\STM32CubeIDE\plugins\com.st.stm32cube.common.mx_6.9.2.202309101412
2023-10-04 15:28:37,129 [INFO] DbMcusXml:78 - Set database path to: C:\mechatronics\STM32CubeIDE_1.10.1\STM32CubeIDE\plugins\com.st.stm32cube.common.mx_6.9.2.202309101412\\db\/mcu/
2023-10-04 15:28:37,130 [INFO] ApiDb:274 - Set plugin database path to: C:\mechatronics\STM32CubeIDE_1.10.1\STM32CubeIDE\plugins\com.st.stm32cube.common.mx_6.9.2.202309101412\\db\/plugins/boardmanager/
2023-10-04 15:28:37,131 [WARN] ApiDb:259 - Overriding images path with different value:  => C:\mechatronics\STM32CubeIDE_1.10.1\STM32CubeIDE\plugins\com.st.stm32cube.common.mx_6.9.2.202309101412\\db\/plugins/mcufinder/images/
2023-10-04 15:28:37,152 [INFO] ApiDb:250 - Set database path to: C:\Users\YYcri\.stmcufinder\plugins\mcufinder//mcu/
2023-10-04 15:28:37,154 [INFO] DbMcusAds:125 - Set database path to: C:\Users\YYcri\.stmcufinder\plugins\mcufinder//mcu/
2023-10-04 15:28:37,157 [INFO] CrossReferenceDbSqlite:203 - Set database path to: C:\Users\YYcri\.stmcufinder\plugins\mcufinder//mcu/cs/
2023-10-04 15:28:37,376 [INFO] RulesReader:64 - Compatibility file has been processed (293 Rules)
2023-10-04 15:28:37,514 [INFO] DbMcusXml:78 - Set database path to: C:\mechatronics\STM32CubeIDE_1.10.1\STM32CubeIDE\plugins\com.st.stm32cube.common.mx_6.9.2.202309101412\\db\/mcu/
2023-10-04 15:28:37,514 [INFO] ApiDb:274 - Set plugin database path to: C:\mechatronics\STM32CubeIDE_1.10.1\STM32CubeIDE\plugins\com.st.stm32cube.common.mx_6.9.2.202309101412\\db\/plugins/boardmanager/
2023-10-04 15:28:37,514 [INFO] ApiDb:261 - Set plugin images path to: C:\mechatronics\STM32CubeIDE_1.10.1\STM32CubeIDE\plugins\com.st.stm32cube.common.mx_6.9.2.202309101412\\db\/plugins/mcufinder/images/
2023-10-04 15:28:37,515 [WARN] DbFile:41 - Overriding database path with different value: C:\Users\YYcri\.stmcufinder\plugins\mcufinder/ => C:\Users\YYcri\.stmcufinder\plugins\mcufinder
2023-10-04 15:28:37,515 [INFO] ApiDb:250 - Set database path to: C:\Users\YYcri\.stmcufinder\plugins\mcufinder//mcu/
2023-10-04 15:28:37,515 [WARN] DbFile:41 - Overriding database path with different value: C:\Users\YYcri\.stmcufinder\plugins\mcufinder/ => C:\Users\YYcri\.stmcufinder\plugins\mcufinder
2023-10-04 15:28:37,515 [INFO] DbMcusAds:125 - Set database path to: C:\Users\YYcri\.stmcufinder\plugins\mcufinder//mcu/
2023-10-04 15:28:37,515 [WARN] DbFile:41 - Overriding database path with different value: C:\Users\YYcri\.stmcufinder\plugins\mcufinder/ => C:\Users\YYcri\.stmcufinder\plugins\mcufinder
2023-10-04 15:28:37,515 [WARN] DbFile:41 - Overriding database path with different value: C:\Users\YYcri\.stmcufinder\plugins\mcufinder/ => C:\Users\YYcri\.stmcufinder\plugins\mcufinder
2023-10-04 15:28:37,515 [INFO] CrossReferenceDbSqlite:203 - Set database path to: C:\Users\YYcri\.stmcufinder\plugins\mcufinder//mcu/cs/
2023-10-04 15:28:37,644 [INFO] MainPanel:262 - HeapMemory: 268435456
2023-10-04 15:28:37,801 [INFO] DbMcusXml:78 - Set database path to: C:\mechatronics\STM32CubeIDE_1.10.1\STM32CubeIDE\plugins\com.st.stm32cube.common.mx_6.9.2.202309101412\\db\/mcu/
2023-10-04 15:28:37,801 [INFO] ApiDb:274 - Set plugin database path to: C:\mechatronics\STM32CubeIDE_1.10.1\STM32CubeIDE\plugins\com.st.stm32cube.common.mx_6.9.2.202309101412\\db\/plugins/boardmanager/
2023-10-04 15:28:37,801 [INFO] ApiDb:261 - Set plugin images path to: C:\mechatronics\STM32CubeIDE_1.10.1\STM32CubeIDE\plugins\com.st.stm32cube.common.mx_6.9.2.202309101412\\db\/plugins/mcufinder/images/
2023-10-04 15:28:37,801 [WARN] DbFile:41 - Overriding database path with different value: C:\Users\YYcri\.stmcufinder\plugins\mcufinder/ => C:\Users\YYcri\.stmcufinder\plugins\mcufinder
2023-10-04 15:28:37,802 [INFO] ApiDb:250 - Set database path to: C:\Users\YYcri\.stmcufinder\plugins\mcufinder//mcu/
2023-10-04 15:28:37,802 [WARN] DbFile:41 - Overriding database path with different value: C:\Users\YYcri\.stmcufinder\plugins\mcufinder/ => C:\Users\YYcri\.stmcufinder\plugins\mcufinder
2023-10-04 15:28:37,802 [INFO] DbMcusAds:125 - Set database path to: C:\Users\YYcri\.stmcufinder\plugins\mcufinder//mcu/
2023-10-04 15:28:37,802 [WARN] DbFile:41 - Overriding database path with different value: C:\Users\YYcri\.stmcufinder\plugins\mcufinder/ => C:\Users\YYcri\.stmcufinder\plugins\mcufinder
2023-10-04 15:28:37,802 [WARN] DbFile:41 - Overriding database path with different value: C:\Users\YYcri\.stmcufinder\plugins\mcufinder/ => C:\Users\YYcri\.stmcufinder\plugins\mcufinder
2023-10-04 15:28:37,802 [INFO] CrossReferenceDbSqlite:203 - Set database path to: C:\Users\YYcri\.stmcufinder\plugins\mcufinder//mcu/cs/
2023-10-04 15:28:37,839 [INFO] ApplicationProperties:184 - Using Application install path: C:\mechatronics\STM32CubeIDE_1.10.1\STM32CubeIDE\plugins\com.st.stm32cube.common.mx_6.9.2.202309101412
2023-10-04 15:28:37,841 [INFO] PluginManage:196 - Search for loadable plugins [exclusion list=, ]
2023-10-04 15:28:37,843 [INFO] PluginManage:310 - Check plugin analytics
2023-10-04 15:28:38,122 [INFO] AnalyticsPlugin:253 - Accepted Software Licenses: 
2023-10-04 15:28:38,123 [INFO] AnalyticsPlugin:255 - Accepted CMSIS Pack Licenses: 
2023-10-04 15:28:38,123 [INFO] AnalyticsPlugin:257 - Accepted Firmware Licenses: 
2023-10-04 15:28:38,128 [INFO] PluginManage:359 - Loaded plugin analytics (category:tool,tabindex:-1)
2023-10-04 15:28:38,128 [INFO] PluginManage:310 - Check plugin cadmodel
2023-10-04 15:28:38,149 [INFO] CADModel:105 - Init CAD model plugin
2023-10-04 15:28:38,149 [INFO] PluginManage:359 - Loaded plugin cadmodel (category:power,tabindex:5)
2023-10-04 15:28:38,149 [INFO] PluginManage:310 - Check plugin clock
2023-10-04 15:28:38,190 [INFO] PluginManage:359 - Loaded plugin clock (category:base,tabindex:2)
2023-10-04 15:28:38,190 [INFO] PluginManage:310 - Check plugin ddr
2023-10-04 15:28:38,194 [INFO] PluginManage:359 - Loaded plugin ddr (category:tool,tabindex:6)
2023-10-04 15:28:38,194 [INFO] PluginManage:310 - Check plugin filemanager
2023-10-04 15:28:38,407 [INFO] PluginManage:359 - Loaded plugin filemanager (category:base,tabindex:10)
2023-10-04 15:28:38,407 [INFO] PluginManage:310 - Check plugin ipmanager
2023-10-04 15:28:38,419 [INFO] PluginManage:359 - Loaded plugin ipmanager (category:base,tabindex:5)
2023-10-04 15:28:38,419 [INFO] PluginManage:310 - Check plugin lpbam
2023-10-04 15:28:38,447 [INFO] PluginManage:359 - Loaded plugin lpbam (category:base,tabindex:0)
2023-10-04 15:28:38,447 [INFO] PluginManage:310 - Check plugin memorymap
2023-10-04 15:28:38,481 [INFO] PluginManage:359 - Loaded plugin memorymap (category:base,tabindex:4)
2023-10-04 15:28:38,481 [INFO] PluginManage:310 - Check plugin pinoutandconfiguration
2023-10-04 15:28:38,503 [INFO] PluginManage:359 - Loaded plugin pinoutandconfiguration (category:base,tabindex:1)
2023-10-04 15:28:38,503 [INFO] PluginManage:310 - Check plugin pinoutconfig
2023-10-04 15:28:38,635 [WARN] SupportedApi:132 - Cannot load RTOS API schema: s4s-elt-must-match.1: The content of 'definitions' must match (annotation?, (simpleType | complexType)?, (unique | key | keyref)*)). A problem was found starting at: attribute.
2023-10-04 15:28:38,874 [INFO] PluginManage:359 - Loaded plugin pinoutconfig (category:base,tabindex:0)
2023-10-04 15:28:38,875 [INFO] PluginManage:310 - Check plugin power
2023-10-04 15:28:38,911 [INFO] PluginManage:359 - Loaded plugin power (category:power,tabindex:4)
2023-10-04 15:28:38,912 [INFO] PluginManage:310 - Check plugin projectmanager
2023-10-04 15:28:38,951 [INFO] PluginManage:359 - Loaded plugin projectmanager (category:projectmanager,tabindex:3)
2023-10-04 15:28:38,952 [INFO] PluginManage:310 - Check plugin thirdparty
2023-10-04 15:28:39,529 [INFO] PluginManage:359 - Loaded plugin thirdparty (category:base,tabindex:-1)
2023-10-04 15:28:39,530 [INFO] PluginManage:310 - Check plugin tools
2023-10-04 15:28:39,529 [WARN] IntegrityCheckThread:84 - waiting for thirdparty lock release [integrity check]
2023-10-04 15:28:39,531 [INFO] IntegrityCheckThread:86 - entering critical section [integrity check]
2023-10-04 15:28:39,531 [INFO] ThirdPartyUpdaterWithRetryManager:70 - Updater plugin not ready yet. [1/15]
2023-10-04 15:28:39,596 [INFO] PluginManage:359 - Loaded plugin tools (category:base,tabindex:7)
2023-10-04 15:28:39,597 [INFO] PluginManage:310 - Check plugin tutovideos
2023-10-04 15:28:39,945 [INFO] PluginManage:359 - Loaded plugin tutovideos (category:base,tabindex:-1)
2023-10-04 15:28:39,945 [INFO] PluginManage:310 - Check plugin updater
2023-10-04 15:28:39,964 [INFO] PluginManage:359 - Loaded plugin updater (category:base,tabindex:12)
2023-10-04 15:28:39,964 [INFO] PluginManage:310 - Check plugin userauth
2023-10-04 15:28:39,975 [INFO] UserAuth:113 - Init User Auth plugin
2023-10-04 15:28:39,975 [INFO] PluginManage:359 - Loaded plugin userauth (category:base,tabindex:14)
2023-10-04 15:28:39,976 [INFO] PluginManage:283 - PluginManage : Loaded plugins [17]
2023-10-04 15:28:40,333 [INFO] PinOutPanel:1499 - setPackage(No Configuration,No Configuration)
2023-10-04 15:28:40,497 [INFO] CADModel:165 - CPN selected for project level
2023-10-04 15:28:40,497 [INFO] CADModel:114 - Register for checkConnection events
2023-10-04 15:28:40,539 [INFO] IPUIPlugin:80 - create IPUIPlugin
2023-10-04 15:28:40,540 [INFO] PluginManager:220 - loadIPPluginJar : add adc
2023-10-04 15:28:40,598 [INFO] IPUIPlugin:80 - create IPUIPlugin
2023-10-04 15:28:40,598 [INFO] PluginManager:220 - loadIPPluginJar : add aes
2023-10-04 15:28:40,650 [INFO] IPUIPlugin:80 - create IPUIPlugin
2023-10-04 15:28:40,650 [INFO] PluginManager:220 - loadIPPluginJar : add can
2023-10-04 15:28:40,682 [INFO] IPUIPlugin:80 - create IPUIPlugin
2023-10-04 15:28:40,682 [INFO] PluginManager:220 - loadIPPluginJar : add comp
2023-10-04 15:28:40,739 [INFO] IPUIPlugin:80 - create IPUIPlugin
2023-10-04 15:28:40,739 [INFO] PluginManager:220 - loadIPPluginJar : add cryp
2023-10-04 15:28:40,784 [INFO] IPUIPlugin:80 - create IPUIPlugin
2023-10-04 15:28:40,785 [INFO] PluginManager:220 - loadIPPluginJar : add dfsdm
2023-10-04 15:28:40,803 [INFO] IPUIPlugin:80 - create IPUIPlugin
2023-10-04 15:28:40,804 [INFO] PluginManager:220 - loadIPPluginJar : add dma
2023-10-04 15:28:40,870 [INFO] IPUIPlugin:80 - create IPUIPlugin
2023-10-04 15:28:40,870 [INFO] PluginManager:220 - loadIPPluginJar : add dma3
2023-10-04 15:28:40,901 [INFO] IPUIPlugin:80 - create IPUIPlugin
2023-10-04 15:28:40,902 [INFO] PluginManager:220 - loadIPPluginJar : add fatfs
2023-10-04 15:28:40,977 [INFO] IPUIPlugin:80 - create IPUIPlugin
2023-10-04 15:28:40,977 [INFO] PluginManager:220 - loadIPPluginJar : add fmc
2023-10-04 15:28:41,006 [INFO] IPUIPlugin:80 - create IPUIPlugin
2023-10-04 15:28:41,006 [INFO] PluginManager:220 - loadIPPluginJar : add freertos
2023-10-04 15:28:41,044 [INFO] IPUIPlugin:80 - create IPUIPlugin
2023-10-04 15:28:41,044 [INFO] PluginManager:220 - loadIPPluginJar : add genericplugin
2023-10-04 15:28:41,206 [INFO] IPUIPlugin:80 - create IPUIPlugin
2023-10-04 15:28:41,207 [INFO] PluginManager:220 - loadIPPluginJar : add gfxmmu
2023-10-04 15:28:41,446 [INFO] IPUIPlugin:80 - create IPUIPlugin
2023-10-04 15:28:41,447 [INFO] PluginManager:220 - loadIPPluginJar : add gic
2023-10-04 15:28:41,465 [INFO] IPUIPlugin:80 - create IPUIPlugin
2023-10-04 15:28:41,465 [INFO] PluginManager:220 - loadIPPluginJar : add gpio
2023-10-04 15:28:41,595 [INFO] IPUIPlugin:80 - create IPUIPlugin
2023-10-04 15:28:41,595 [INFO] PluginManager:220 - loadIPPluginJar : add gtzc
2023-10-04 15:28:41,644 [INFO] IPUIPlugin:80 - create IPUIPlugin
2023-10-04 15:28:41,644 [INFO] PluginManager:220 - loadIPPluginJar : add hash
2023-10-04 15:28:41,729 [INFO] IPUIPlugin:80 - create IPUIPlugin
2023-10-04 15:28:41,729 [INFO] PluginManager:220 - loadIPPluginJar : add i2c
2023-10-04 15:28:41,789 [INFO] IPUIPlugin:80 - create IPUIPlugin
2023-10-04 15:28:41,789 [INFO] PluginManager:220 - loadIPPluginJar : add i2s
2023-10-04 15:28:41,845 [INFO] IPUIPlugin:80 - create IPUIPlugin
2023-10-04 15:28:41,845 [INFO] PluginManager:220 - loadIPPluginJar : add i3c
2023-10-04 15:28:42,029 [INFO] IPUIPlugin:80 - create IPUIPlugin
2023-10-04 15:28:42,030 [INFO] PluginManager:220 - loadIPPluginJar : add ipddr
2023-10-04 15:28:42,188 [INFO] IPUIPlugin:80 - create IPUIPlugin
2023-10-04 15:28:42,188 [INFO] PluginManager:220 - loadIPPluginJar : add linkedlist
2023-10-04 15:28:42,233 [INFO] IPUIPlugin:80 - create IPUIPlugin
2023-10-04 15:28:42,233 [INFO] PluginManager:220 - loadIPPluginJar : add lorawan
2023-10-04 15:28:42,278 [INFO] IPUIPlugin:80 - create IPUIPlugin
2023-10-04 15:28:42,278 [INFO] PluginManager:220 - loadIPPluginJar : add ltdc
2023-10-04 15:28:42,295 [INFO] IPUIPlugin:80 - create IPUIPlugin
2023-10-04 15:28:42,295 [INFO] PluginManager:220 - loadIPPluginJar : add mdma
2023-10-04 15:28:42,311 [INFO] IPUIPlugin:80 - create IPUIPlugin
2023-10-04 15:28:42,311 [INFO] PluginManager:220 - loadIPPluginJar : add nvic
2023-10-04 15:28:42,362 [INFO] IPUIPlugin:80 - create IPUIPlugin
2023-10-04 15:28:42,362 [INFO] PluginManager:220 - loadIPPluginJar : add opamp
2023-10-04 15:28:42,450 [INFO] IPUIPlugin:80 - create IPUIPlugin
2023-10-04 15:28:42,450 [INFO] PluginManager:220 - loadIPPluginJar : add openamp
2023-10-04 15:28:42,508 [INFO] IPUIPlugin:80 - create IPUIPlugin
2023-10-04 15:28:42,508 [INFO] PluginManager:220 - loadIPPluginJar : add pdm2pcm
2023-10-04 15:28:42,527 [INFO] IPUIPlugin:80 - create IPUIPlugin
2023-10-04 15:28:42,530 [INFO] PluginManager:220 - loadIPPluginJar : add plateformsettings
2023-10-04 15:28:42,532 [INFO] ThirdPartyUpdaterWithRetryManager:70 - Updater plugin not ready yet. [2/15]
2023-10-04 15:28:42,560 [INFO] IPUIPlugin:80 - create IPUIPlugin
2023-10-04 15:28:42,560 [INFO] PluginManager:220 - loadIPPluginJar : add quadspi
2023-10-04 15:28:42,577 [INFO] IPUIPlugin:80 - create IPUIPlugin
2023-10-04 15:28:42,577 [INFO] PluginManager:220 - loadIPPluginJar : add resmgrutility
2023-10-04 15:28:42,653 [INFO] IPUIPlugin:80 - create IPUIPlugin
2023-10-04 15:28:42,653 [INFO] PluginManager:220 - loadIPPluginJar : add sai
2023-10-04 15:28:42,711 [INFO] IPUIPlugin:80 - create IPUIPlugin
2023-10-04 15:28:42,711 [INFO] PluginManager:220 - loadIPPluginJar : add spi
2023-10-04 15:28:42,792 [INFO] IPUIPlugin:80 - create IPUIPlugin
2023-10-04 15:28:42,792 [INFO] PluginManager:220 - loadIPPluginJar : add stm32_wpan
2023-10-04 15:28:42,823 [INFO] IPUIPlugin:80 - create IPUIPlugin
2023-10-04 15:28:42,823 [INFO] PluginManager:220 - loadIPPluginJar : add tim
2023-10-04 15:28:42,912 [INFO] IPUIPlugin:80 - create IPUIPlugin
2023-10-04 15:28:42,912 [INFO] PluginManager:220 - loadIPPluginJar : add touchsensing
2023-10-04 15:28:42,939 [INFO] IPUIPlugin:80 - create IPUIPlugin
2023-10-04 15:28:42,939 [INFO] PluginManager:220 - loadIPPluginJar : add tracer_emb
2023-10-04 15:28:42,965 [INFO] IPUIPlugin:80 - create IPUIPlugin
2023-10-04 15:28:42,965 [INFO] PluginManager:220 - loadIPPluginJar : add ts
2023-10-04 15:28:42,991 [INFO] IPUIPlugin:80 - create IPUIPlugin
2023-10-04 15:28:42,992 [INFO] PluginManager:220 - loadIPPluginJar : add tsc
2023-10-04 15:28:43,015 [INFO] IPUIPlugin:80 - create IPUIPlugin
2023-10-04 15:28:43,015 [INFO] PluginManager:220 - loadIPPluginJar : add ucpd
2023-10-04 15:28:43,065 [INFO] IPUIPlugin:80 - create IPUIPlugin
2023-10-04 15:28:43,065 [INFO] PluginManager:220 - loadIPPluginJar : add usart
2023-10-04 15:28:43,112 [INFO] IPUIPlugin:80 - create IPUIPlugin
2023-10-04 15:28:43,112 [INFO] PluginManager:220 - loadIPPluginJar : add usbx
2023-10-04 15:28:43,256 [INFO] CADModel:165 - CPN selected for project level
2023-10-04 15:28:43,256 [INFO] CADModel:114 - Register for checkConnection events
2023-10-04 15:28:43,256 [FATAL] Updater:308 - Updater called before beeing initialized
2023-10-04 15:28:43,256 [ERROR] CADModel:125 - Updater not yet initialized, retry later 
2023-10-04 15:28:43,467 [INFO] CADModel:165 - CPN selected for project level
2023-10-04 15:28:43,468 [INFO] CADModel:114 - Register for checkConnection events
2023-10-04 15:28:43,468 [FATAL] Updater:308 - Updater called before beeing initialized
2023-10-04 15:28:43,468 [ERROR] CADModel:125 - Updater not yet initialized, retry later 
2023-10-04 15:28:43,474 [FATAL] Updater:308 - Updater called before beeing initialized
2023-10-04 15:28:43,696 [FATAL] Updater:308 - Updater called before beeing initialized
2023-10-04 15:28:43,716 [INFO] DbMcusAds:53 - JSON generation date=Tue Mar 07 17:50:55 GMT+09:00 2023 (1678179055114)
2023-10-04 15:28:43,716 [FATAL] Updater:308 - Updater called before beeing initialized
2023-10-04 15:28:43,823 [WARN] DetailPanel:346 - Failed to get advertising image, set to default
2023-10-04 15:28:43,943 [FATAL] Updater:308 - Updater called before beeing initialized
2023-10-04 15:28:43,946 [FATAL] Updater:308 - Updater called before beeing initialized
2023-10-04 15:28:43,946 [FATAL] Updater:308 - Updater called before beeing initialized
2023-10-04 15:28:43,946 [WARN] DetailPanel:346 - Failed to get advertising image, set to default
2023-10-04 15:28:43,947 [FATAL] Updater:308 - Updater called before beeing initialized
2023-10-04 15:28:44,025 [ERROR] Updater:1120 - MainUpdater not yet initialized. External WinMGr cannot be set.
2023-10-04 15:28:44,036 [INFO] Updater:1056 - Updater Version found : 6.9.2
2023-10-04 15:28:44,055 [INFO] ApplicationProperties:184 - Using Application install path: C:\mechatronics\STM32CubeIDE_1.10.1\STM32CubeIDE\plugins\com.st.stm32cube.common.mx_6.9.2.202309101412
2023-10-04 15:28:44,638 [INFO] MainUpdater:2868 - connection check result : 10
2023-10-04 15:28:44,639 [INFO] MainUpdater:3562 - Updater definition file requires update
2023-10-04 15:28:44,640 [INFO] MainUpdater:285 - Updater Check For Update Now.
2023-10-04 15:28:44,640 [INFO] MicroXplorer:498 - Change Database Version : DB.6.0.92
2023-10-04 15:28:44,670 [INFO] McuFinderGlobals:63 - Set McuFinder mode to 2 (CubeIDE integrated)
2023-10-04 15:28:44,670 [INFO] UserAuth:179 - activating auth plugin
2023-10-04 15:28:44,673 [INFO] UserAuth:393 - Internet connection configuration mode: 1
2023-10-04 15:28:44,688 [INFO] ServerAccessManage:473 - Download File updaters.zip
2023-10-04 15:28:44,708 [INFO] JxBrowserEngine:151 - Initiate JxBrowser Engine with user profile folder
2023-10-04 15:28:44,803 [INFO] FileExtend:240 - Unzip File : updaters.zip
2023-10-04 15:28:44,803 [INFO] FileExtend:255 - Standard Zip Deflate
2023-10-04 15:28:45,145 [INFO] ServerAccessManage:473 - Download File PacksControlFlags.xml
2023-10-04 15:28:45,231 [INFO] ServerAccessManage:473 - Download File cubemx.pidx
2023-10-04 15:28:45,533 [WARN] MainUpdater:1189 - Updater busy. Cannot search thirdparties
2023-10-04 15:28:45,534 [INFO] ThirdPartyUpdaterWithRetryManager:96 - Updater plugin is busy. [1/15]
2023-10-04 15:28:46,326 [INFO] ServerAccessManage:473 - Download File STMicroelectronics.X-CUBE-TOUCHGFX.pdsc
2023-10-04 15:28:46,969 [INFO] McuFinderGlobals:63 - Set McuFinder mode to 2 (CubeIDE integrated)
2023-10-04 15:28:47,959 [INFO] WebApp:157 - Instantiating new browser for Auth
2023-10-04 15:28:48,532 [INFO] WebApp:753 - Register for checkConnection events
2023-10-04 15:28:48,532 [INFO] WebApp:390 - Apply proxy settings
2023-10-04 15:28:48,532 [INFO] WebApp:475 - Chromium requires no authentication
2023-10-04 15:28:48,540 [INFO] WebApp:418 - Direct internet connection detected
2023-10-04 15:28:48,547 [WARN] MainUpdater:1189 - Updater busy. Cannot search thirdparties
2023-10-04 15:28:48,547 [INFO] ThirdPartyUpdaterWithRetryManager:96 - Updater plugin is busy. [2/15]
2023-10-04 15:28:48,692 [INFO] WebApp:188 - Starting web application
2023-10-04 15:28:48,692 [INFO] WebApp:520 - Web application path used C:\mechatronics\STM32CubeIDE_1.10.1\STM32CubeIDE\plugins\com.st.stm32cube.common.mx_6.9.2.202309101412\db\plugins\mcufinder\reactClient1\index.html
2023-10-04 15:28:49,543 [INFO] ServerAccessManage:473 - Download File ITTIA_DB.I-CUBE-ITTIADB.pdsc
2023-10-04 15:28:51,548 [WARN] MainUpdater:1189 - Updater busy. Cannot search thirdparties
2023-10-04 15:28:51,549 [INFO] ThirdPartyUpdaterWithRetryManager:96 - Updater plugin is busy. [3/15]
2023-10-04 15:28:52,089 [WARN] PackLoader:240 - Cannot read IP mode file for STMicroelectronics.X-CUBE-TOUCHGFX.4.22.1
2023-10-04 15:28:52,107 [WARN] PackLoader:240 - Cannot read IP mode file for ITTIA_DB.I-CUBE-ITTIADB.8.8.0
2023-10-04 15:28:52,108 [INFO] PopulateThirdPartyThread:66 - Ending populate Thread
2023-10-04 15:28:52,110 [INFO] ThirdParty:1030 - CMSIS Pack Vendor :STMicroelectronics X-CUBE-TOUCHGFX 4.22.1
2023-10-04 15:28:52,110 [INFO] ThirdParty:1030 - CMSIS Pack Vendor :ITTIA_DB I-CUBE-ITTIADB 8.8.0
2023-10-04 15:28:52,110 [INFO] LoadServerUpdatesThread:373 - End of LoadServerUpdate Thread
2023-10-04 15:28:52,226 [INFO] CheckServerUpdateThread:120 - End of CheckServer Thread
2023-10-04 15:28:52,238 [INFO] MainUpdater:2868 - connection check result : 10
2023-10-04 15:28:52,250 [INFO] MainUpdater:2868 - connection check result : 10
2023-10-04 15:28:52,477 [INFO] MicroXplorer:468 - Change Database Path : 
2023-10-04 15:28:52,478 [INFO] MicroXplorer:498 - Change Database Version : DB.6.0.92
2023-10-04 15:28:52,482 [WARN] ThirdParty:871 - waiting for thirdparty lock release [close project]
2023-10-04 15:28:54,739 [WARN] PackLoader:240 - Cannot read IP mode file for STMicroelectronics.X-CUBE-SMBUS.2.1.0
2023-10-04 15:28:54,776 [WARN] PackLoader:240 - Cannot read IP mode file for STMicroelectronics.X-CUBE-AZRTOS-F7.1.1.0
2023-10-04 15:28:54,799 [WARN] PackLoader:240 - Cannot read IP mode file for STMicroelectronics.FP-SNS-MOTENV1.4.3.2
2023-10-04 15:28:54,818 [WARN] PackLoader:240 - Cannot read IP mode file for STMicroelectronics.FP-SNS-FLIGHT1.5.0.1
2023-10-04 15:28:54,837 [WARN] PackLoader:240 - Cannot read IP mode file for STMicroelectronics.X-CUBE-BLE1.6.2.3
2023-10-04 15:28:54,849 [WARN] PackLoader:240 - Cannot read IP mode file for STMicroelectronics.X-CUBE-BLE1.6.2.4
2023-10-04 15:28:54,855 [WARN] PackLoader:240 - Cannot read IP mode file for STMicroelectronics.FP-SNS-FLIGHT1.5.0.2
2023-10-04 15:28:54,871 [WARN] PackLoader:240 - Cannot read IP mode file for STMicroelectronics.X-CUBE-DISPLAY.3.0.0
2023-10-04 15:28:54,889 [WARN] PackLoader:240 - Cannot read IP mode file for STMicroelectronics.X-CUBE-BLE1.7.0.0
2023-10-04 15:28:54,904 [WARN] PackLoader:240 - Cannot read IP mode file for STMicroelectronics.X-CUBE-TOUCHGFX.4.22.0
2023-10-04 15:28:54,906 [WARN] PackLoader:240 - Cannot read IP mode file for STMicroelectronics.X-CUBE-TOUCHGFX.4.22.1
2023-10-04 15:28:54,966 [WARN] PackLoader:240 - Cannot read IP mode file for STMicroelectronics.X-CUBE-MEMS1.9.3.0
2023-10-04 15:28:55,113 [WARN] PackLoader:240 - Cannot read IP mode file for STMicroelectronics.FP-SNS-SMARTAG2.1.2.0
2023-10-04 15:28:55,134 [INFO] LogOutputStream:77 - [STDOUT_REDIRECT] 1 : Invalid condition id : UX_CORESTACK_Condition cause : null
2023-10-04 15:28:55,135 [INFO] LogOutputStream:77 - [STDOUT_REDIRECT] 1 : Invalid condition id : UX_CORESTACK_Condition cause : null
2023-10-04 15:28:55,136 [INFO] LogOutputStream:77 - [STDOUT_REDIRECT] 1 : Invalid condition id : UX_CORESTACK_Condition cause : null
2023-10-04 15:28:55,138 [INFO] LogOutputStream:77 - [STDOUT_REDIRECT] 1 : Invalid condition id : UX_CORESTACK_Condition cause : null
2023-10-04 15:28:55,139 [INFO] LogOutputStream:77 - [STDOUT_REDIRECT] 1 : Invalid condition id : UX_CORESTACK_Condition cause : null
2023-10-04 15:28:55,143 [WARN] PackLoader:240 - Cannot read IP mode file for STMicroelectronics.X-CUBE-AZRTOS-WL.2.0.0
2023-10-04 15:28:55,160 [WARN] PackLoader:240 - Cannot read IP mode file for WES.I-CUBE-Cesium.1.3.0
2023-10-04 15:28:55,175 [WARN] PackLoader:240 - Cannot read IP mode file for STMicroelectronics.X-CUBE-BLE2.3.3.0
2023-10-04 15:28:55,188 [WARN] PackLoader:240 - Cannot read IP mode file for STMicroelectronics.X-CUBE-DISPLAY.2.2.0
2023-10-04 15:28:55,207 [WARN] PackLoader:240 - Cannot read IP mode file for STMicroelectronics.X-CUBE-TOF1.3.2.0
2023-10-04 15:28:55,226 [WARN] PackLoader:240 - Cannot read IP mode file for STMicroelectronics.X-CUBE-ISPU.1.0.0
2023-10-04 15:28:55,261 [WARN] PackLoader:240 - Cannot read IP mode file for STMicroelectronics.X-CUBE-AZRTOS-H7.2.1.0
2023-10-04 15:28:55,279 [WARN] PackLoader:240 - Cannot read IP mode file for STMicroelectronics.X-CUBE-TOUCHGFX.4.21.1
2023-10-04 15:28:55,295 [WARN] PackLoader:240 - Cannot read IP mode file for STMicroelectronics.X-CUBE-TOUCHGFX.4.21.0
2023-10-04 15:28:55,305 [WARN] PackLoader:240 - Cannot read IP mode file for STMicroelectronics.X-CUBE-TOUCHGFX.4.21.3
2023-10-04 15:28:55,353 [WARN] PackLoader:240 - Cannot read IP mode file for STMicroelectronics.X-CUBE-MEMS1.9.4.0
2023-10-04 15:28:55,427 [WARN] PackLoader:240 - Cannot read IP mode file for STMicroelectronics.X-CUBE-AI.7.3.0
2023-10-04 15:28:55,448 [WARN] PackLoader:240 - Cannot read IP mode file for STMicroelectronics.X-CUBE-ALGOBUILD.1.3.0
2023-10-04 15:28:55,480 [WARN] PackLoader:240 - Cannot read IP mode file for STMicroelectronics.X-CUBE-AZRTOS-G0.1.1.0
2023-10-04 15:28:55,492 [WARN] PackLoader:240 - Cannot read IP mode file for STMicroelectronics.X-CUBE-NFC4.3.0.0
2023-10-04 15:28:55,529 [WARN] PackLoader:240 - Cannot read IP mode file for SEGGER.I-CUBE-embOS.1.2.1
2023-10-04 15:28:55,563 [WARN] PackLoader:240 - Cannot read IP mode file for STMicroelectronics.X-CUBE-BLEMGR.1.3.0
2023-10-04 15:28:55,570 [WARN] PackLoader:240 - Cannot read IP mode file for STMicroelectronics.FP-ATR-SIGFOX1.3.2.0
2023-10-04 15:28:55,584 [WARN] PackLoader:240 - Cannot read IP mode file for emotas.I-CUBE-CANOPEN.1.1.2
2023-10-04 15:28:55,597 [WARN] PackLoader:240 - Cannot read IP mode file for STMicroelectronics.X-CUBE-TOUCHGFX.4.20.0
2023-10-04 15:28:55,645 [WARN] PackLoader:240 - Cannot read IP mode file for STMicroelectronics.X-CUBE-MEMS1.9.5.0
2023-10-04 15:28:55,793 [WARN] PackLoader:240 - Cannot read IP mode file for SEGGER.I-CUBE-embOS.1.3.1
2023-10-04 15:28:55,839 [WARN] PackLoader:240 - Cannot read IP mode file for STMicroelectronics.X-CUBE-GNSS1.6.0.0
2023-10-04 15:28:55,869 [WARN] PackLoader:240 - Cannot read IP mode file for STMicroelectronics.X-CUBE-AZRTOS-F4.1.1.0
2023-10-04 15:28:55,888 [WARN] PackLoader:240 - Cannot read IP mode file for STMicroelectronics.X-CUBE-BLEMGR.1.2.0
2023-10-04 15:28:55,916 [WARN] PackLoader:240 - Cannot read IP mode file for STMicroelectronics.X-CUBE-AZRTOS-L5.2.0.0
2023-10-04 15:28:55,965 [WARN] PackLoader:240 - Cannot read IP mode file for STMicroelectronics.X-CUBE-MEMS1.9.6.0
2023-10-04 15:28:56,065 [WARN] PackLoader:240 - Cannot read IP mode file for ITTIA_DB.I-CUBE-ITTIADB.8.8.0
2023-10-04 15:28:56,080 [WARN] PackLoader:240 - Cannot read IP mode file for STMicroelectronics.X-CUBE-BLEMGR.2.0.0
2023-10-04 15:28:56,093 [WARN] PackLoader:240 - Cannot read IP mode file for STMicroelectronics.X-CUBE-NFC4.2.0.5
2023-10-04 15:28:56,106 [WARN] PackLoader:240 - Cannot read IP mode file for STMicroelectronics.X-CUBE-NFC4.2.0.4
2023-10-04 15:28:56,133 [WARN] ConditionMgr:438 - getConditionDescription Invalid condition id : UX DEVICE CLASS RTOS Condition cause : null
2023-10-04 15:28:56,134 [WARN] ConditionMgr:438 - getConditionDescription Invalid condition id : UX DEVICE CLASS RTOS Condition cause : null
2023-10-04 15:28:56,136 [WARN] PackLoader:240 - Cannot read IP mode file for STMicroelectronics.X-CUBE-AZRTOS-H7.3.1.0
2023-10-04 15:28:56,136 [WARN] ConditionMgr:1039 - genDependencies : Invalid condition id : UX DEVICE CLASS RTOS Condition cause : null
2023-10-04 15:28:56,137 [WARN] ConditionMgr:1039 - genDependencies : Invalid condition id : UX DEVICE CLASS RTOS Condition cause : null
2023-10-04 15:28:56,137 [WARN] ConditionMgr:1039 - genDependencies : Invalid condition id : UX DEVICE CLASS RTOS Condition cause : null
2023-10-04 15:28:56,137 [WARN] ConditionMgr:1039 - genDependencies : Invalid condition id : UX DEVICE CLASS RTOS Condition cause : null
2023-10-04 15:28:56,137 [WARN] ConditionMgr:1039 - genDependencies : Invalid condition id : UX DEVICE CLASS RTOS Condition cause : null
2023-10-04 15:28:56,151 [WARN] PackLoader:240 - Cannot read IP mode file for wolfSSL.I-CUBE-wolfSSL.5.5.1
2023-10-04 15:28:56,162 [WARN] PackLoader:240 - Cannot read IP mode file for STMicroelectronics.X-CUBE-NFC7.1.0.1
2023-10-04 15:28:56,174 [WARN] PackLoader:240 - Cannot read IP mode file for STMicroelectronics.X-CUBE-NFC7.1.0.0
2023-10-04 15:28:56,188 [WARN] PackLoader:240 - Cannot read IP mode file for STMicroelectronics.X-CUBE-NFC6.3.0.0
2023-10-04 15:28:56,207 [WARN] PackLoader:240 - Cannot read IP mode file for STMicroelectronics.X-CUBE-EEPRMA1.4.1.0
2023-10-04 15:28:56,222 [WARN] PackLoader:240 - Cannot read IP mode file for STMicroelectronics.X-CUBE-AI.8.1.0
2023-10-04 15:28:56,249 [WARN] ConditionMgr:438 - getConditionDescription Invalid condition id : LAN8742 Phy interface Condition cause : null
2023-10-04 15:28:56,250 [WARN] PackLoader:240 - Cannot read IP mode file for STMicroelectronics.X-CUBE-AZRTOS-L4.2.0.0
2023-10-04 15:28:56,251 [WARN] ConditionMgr:1039 - genDependencies : Invalid condition id : LAN8742 Phy interface Condition cause : null
2023-10-04 15:28:56,251 [WARN] ConditionMgr:1039 - genDependencies : Invalid condition id : LAN8742 Phy interface Condition cause : null
2023-10-04 15:28:56,251 [WARN] ConditionMgr:1039 - genDependencies : Invalid condition id : LAN8742 Phy interface Condition cause : null
2023-10-04 15:28:56,265 [WARN] PackLoader:240 - Cannot read IP mode file for STMicroelectronics.X-CUBE-SFXS2LP1.4.0.0
2023-10-04 15:28:56,297 [WARN] PackLoader:240 - Cannot read IP mode file for STMicroelectronics.X-CUBE-AZRTOS-H7.3.0.0
2023-10-04 15:28:56,308 [WARN] PackLoader:240 - Cannot read IP mode file for STMicroelectronics.X-CUBE-ISPU.1.1.0
2023-10-04 15:28:56,322 [WARN] PackLoader:240 - Cannot read IP mode file for RoweBots.I-CUBE-UNISONRTOS.5.5.0-4
2023-10-04 15:28:56,337 [WARN] PackLoader:240 - Cannot read IP mode file for STMicroelectronics.X-CUBE-AI.8.0.0
2023-10-04 15:28:56,363 [WARN] ConditionMgr:438 - getConditionDescription Invalid condition id : UX DEVICE CLASS RTOS Condition cause : null
2023-10-04 15:28:56,364 [WARN] ConditionMgr:438 - getConditionDescription Invalid condition id : UX DEVICE CLASS RTOS Condition cause : null
2023-10-04 15:28:56,366 [WARN] PackLoader:240 - Cannot read IP mode file for STMicroelectronics.X-CUBE-AZRTOS-WB.2.0.0
2023-10-04 15:28:56,366 [WARN] ConditionMgr:1039 - genDependencies : Invalid condition id : UX DEVICE CLASS RTOS Condition cause : null
2023-10-04 15:28:56,366 [WARN] ConditionMgr:1039 - genDependencies : Invalid condition id : UX DEVICE CLASS RTOS Condition cause : null
2023-10-04 15:28:56,368 [WARN] ConditionMgr:1039 - genDependencies : Invalid condition id : UX DEVICE CLASS RTOS Condition cause : null
2023-10-04 15:28:56,368 [WARN] ConditionMgr:1039 - genDependencies : Invalid condition id : UX DEVICE CLASS RTOS Condition cause : null
2023-10-04 15:28:56,368 [WARN] ConditionMgr:1039 - genDependencies : Invalid condition id : UX DEVICE CLASS RTOS Condition cause : null
2023-10-04 15:28:56,385 [WARN] PackLoader:240 - Cannot read IP mode file for STMicroelectronics.X-CUBE-FREERTOS.1.0.0
2023-10-04 15:28:56,396 [WARN] PackLoader:240 - Cannot read IP mode file for STMicroelectronics.X-CUBE-FREERTOS.1.0.1
2023-10-04 15:28:56,418 [WARN] PackLoader:240 - Cannot read IP mode file for STMicroelectronics.X-CUBE-AZRTOS-L5.1.1.0
2023-10-04 15:28:56,430 [WARN] PackLoader:240 - Cannot read IP mode file for STMicroelectronics.X-CUBE-AI.8.0.1
2023-10-04 15:28:56,449 [WARN] PackLoader:240 - Cannot read IP mode file for STMicroelectronics.X-CUBE-SUBG2.5.0.0
2023-10-04 15:28:56,467 [WARN] PackLoader:240 - Cannot read IP mode file for STMicroelectronics.X-CUBE-TOF1.3.3.1
2023-10-04 15:28:56,492 [WARN] PackLoader:240 - Cannot read IP mode file for STMicroelectronics.X-CUBE-AZRTOS-G4.2.0.0
2023-10-04 15:28:56,516 [WARN] PackLoader:240 - Cannot read IP mode file for STMicroelectronics.X-CUBE-TOF1.3.3.0
2023-10-04 15:28:56,533 [WARN] PackLoader:240 - Cannot read IP mode file for STMicroelectronics.FP-ATR-ASTRA1.1.1.1
2023-10-04 15:28:56,555 [WARN] PackLoader:240 - Cannot read IP mode file for STMicroelectronics.X-CUBE-AZRTOS-G4.1.0.0
2023-10-04 15:28:56,589 [WARN] PackLoader:240 - Cannot read IP mode file for STMicroelectronics.X-CUBE-AZRTOS-L4.1.0.0
2023-10-04 15:28:56,601 [WARN] PackLoader:240 - Cannot read IP mode file for STMicroelectronics.X-CUBE-FREERTOS.1.1.0
2023-10-04 15:28:56,621 [WARN] PackLoader:240 - Cannot read IP mode file for STMicroelectronics.X-CUBE-AZRTOS-WL.1.0.0
2023-10-04 15:28:56,637 [WARN] PackLoader:240 - Cannot read IP mode file for portGmbH.I-Cube-SoM-uGOAL.1.1.0
2023-10-04 15:28:56,652 [WARN] PackLoader:240 - Cannot read IP mode file for STMicroelectronics.X-CUBE-ALS.1.0.1
2023-10-04 15:28:56,673 [WARN] PackLoader:240 - Cannot read IP mode file for STMicroelectronics.X-CUBE-AZRTOS-WB.1.1.0
2023-10-04 15:28:56,695 [WARN] PackLoader:240 - Cannot read IP mode file for STMicroelectronics.X-CUBE-AZRTOS-L5.1.0.0
2023-10-04 15:28:56,707 [WARN] PackLoader:240 - Cannot read IP mode file for STMicroelectronics.X-CUBE-EEPRMA1.3.1.1
2023-10-04 15:28:56,711 [WARN] PackLoader:240 - Cannot read IP mode file for STMicroelectronics.FP-ATR-ASTRA1.2.0.0
2023-10-04 15:28:56,712 [INFO] ThirdParty:978 - Integrity check success = true
2023-10-04 15:28:56,712 [INFO] IntegrityCheckThread:100 - exiting critical section [integrity check]
2023-10-04 15:28:56,712 [INFO] IntegrityCheckThread:103 - End integrity checks thread
2023-10-04 15:28:56,712 [INFO] ThirdParty:873 - entering critical section [close project]
2023-10-04 15:28:56,712 [INFO] ThirdParty:883 - exiting critical section [close project]
2023-10-04 15:28:56,714 [INFO] PinOutPanel:1499 - setPackage(No Configuration,No Configuration)
2023-10-04 15:28:56,719 [INFO] UtilMem:75 - Begin LoadConfig() Used Memory: 227615760 Bytes (330301440)
2023-10-04 15:28:56,720 [INFO] MicroXplorer:468 - Change Database Path : 
2023-10-04 15:28:56,720 [INFO] MicroXplorer:498 - Change Database Version : DB.6.0.92
2023-10-04 15:28:56,720 [INFO] OpenFileManager:308 - Change cursor
2023-10-04 15:28:56,754 [INFO] Mcu:1946 - Initializing MCU STM32G431K(6-8-B)Tx STM32G431KBTx STM32G431KBT6
2023-10-04 15:28:59,972 [INFO] Context:659 - Trying to add GPIOservice into a context  which must be forbidden
2023-10-04 15:29:00,872 [INFO] RtosManager:555 - Registered RTOS mode: class=CMSIS, group=RTOS, mode=CMSIS_V1, owner=FREERTOS
2023-10-04 15:29:00,872 [INFO] RtosManager:555 - Registered RTOS mode: class=CMSIS, group=RTOS2, mode=CMSIS_V2, owner=FREERTOS
2023-10-04 15:29:00,872 [INFO] RtosManager:555 - Registered RTOS mode: class=RTOS, group=Core, mode=CMSIS_V1, owner=FREERTOS
2023-10-04 15:29:00,872 [INFO] RtosManager:555 - Registered RTOS mode: class=RTOS, group=Core, mode=CMSIS_V2, owner=FREERTOS
2023-10-04 15:29:00,872 [WARN] ModelIntegratedComponent:184 - Missing modes for component STMicroelectronics:FreeRTOS:0.0.1:STMicroelectronics:RTOS:FreeRTOS:Core:::10.2.0:
2023-10-04 15:29:00,890 [WARN] ModelIntegratedComponent:63 - No mode defined for component null
2023-10-04 15:29:00,890 [WARN] ModelIntegratedComponent:63 - No mode defined for component null
2023-10-04 15:29:00,890 [WARN] ModelIntegratedComponent:63 - No mode defined for component null
2023-10-04 15:29:00,890 [WARN] ModelIntegratedComponent:63 - No mode defined for component null
2023-10-04 15:29:00,890 [WARN] ModelIntegratedComponent:63 - No mode defined for component null
2023-10-04 15:29:00,890 [WARN] ModelIntegratedComponent:63 - No mode defined for component null
2023-10-04 15:29:00,890 [WARN] ModelIntegratedComponent:63 - No mode defined for component null
2023-10-04 15:29:00,890 [WARN] ModelIntegratedComponent:63 - No mode defined for component null
2023-10-04 15:29:00,890 [WARN] ModelIntegratedComponent:63 - No mode defined for component null
2023-10-04 15:29:00,890 [WARN] ModelIntegratedComponent:63 - No mode defined for component null
2023-10-04 15:29:00,891 [WARN] ModelIntegratedComponent:63 - No mode defined for component null
2023-10-04 15:29:00,891 [WARN] ModelIntegratedComponent:63 - No mode defined for component null
2023-10-04 15:29:00,891 [WARN] ModelIntegratedComponent:63 - No mode defined for component null
2023-10-04 15:29:00,891 [WARN] ModelIntegratedComponent:63 - No mode defined for component null
2023-10-04 15:29:00,891 [WARN] ModelIntegratedComponent:63 - No mode defined for component null
2023-10-04 15:29:00,891 [WARN] ModelIntegratedComponent:63 - No mode defined for component null
2023-10-04 15:29:00,891 [WARN] ModelIntegratedComponent:63 - No mode defined for component null
2023-10-04 15:29:00,891 [WARN] ModelIntegratedComponent:63 - No mode defined for component null
2023-10-04 15:29:00,891 [WARN] ModelIntegratedComponent:63 - No mode defined for component null
2023-10-04 15:29:00,891 [WARN] ModelIntegratedComponent:63 - No mode defined for component null
2023-10-04 15:29:00,891 [WARN] ModelIntegratedComponent:63 - No mode defined for component null
2023-10-04 15:29:00,891 [WARN] ModelIntegratedComponent:63 - No mode defined for component null
2023-10-04 15:29:00,891 [WARN] ModelIntegratedComponent:63 - No mode defined for component null
2023-10-04 15:29:00,891 [WARN] ModelIntegratedComponent:63 - No mode defined for component null
2023-10-04 15:29:00,891 [WARN] ModelIntegratedComponent:63 - No mode defined for component null
2023-10-04 15:29:00,891 [WARN] ModelIntegratedComponent:63 - No mode defined for component null
2023-10-04 15:29:00,892 [WARN] ModelIntegratedComponent:63 - No mode defined for component null
2023-10-04 15:29:00,892 [WARN] ModelIntegratedComponent:63 - No mode defined for component null
2023-10-04 15:29:00,892 [WARN] ModelIntegratedComponent:63 - No mode defined for component null
2023-10-04 15:29:00,892 [WARN] ModelIntegratedComponent:63 - No mode defined for component null
2023-10-04 15:29:00,892 [WARN] ModelIntegratedComponent:63 - No mode defined for component null
2023-10-04 15:29:00,892 [WARN] ModelIntegratedComponent:63 - No mode defined for component null
2023-10-04 15:29:00,892 [WARN] ModelIntegratedComponent:63 - No mode defined for component null
2023-10-04 15:29:01,052 [INFO] ThirdPartyModel:298 - Start build external matchings
2023-10-04 15:29:02,399 [INFO] ThirdPartyModel:316 - End build external matchings
2023-10-04 15:29:02,830 [INFO] UtilMem:75 - End LoadConfig() Used Memory: 231355976 Bytes (360710144)
2023-10-04 15:29:02,999 [INFO] ApiDb:581 - Connected to CubeFinder SQLite database (C:\Users\YYcri\.stmcufinder\plugins\mcufinder\mcu\cube-finder-db.db)
2023-10-04 15:29:03,080 [INFO] ApiDb:668 - CubeFinder database Data Model version=2.1
2023-10-04 15:29:03,080 [INFO] ApiDb:669 - CubeFinder database Configuration version=3.0.37
2023-10-04 15:29:03,081 [INFO] ApiDb:670 - CubeFinder database generation date=2023-08-09 (1691586011)
2023-10-04 15:29:03,081 [INFO] ApiDb:671 - CubeFinder database FW Pack versions=[FP-ATR-ASTRA1_V2.0.0, FP-SNS-FLIGHT1_V5.0.1, FP-SNS-FLIGHT1_V5.0.2, FP-SNS-MOTENV1_V4.3.1, FP-SNS-MOTENV1_V4.3.2, STM32Cube_FW_C0_V1.1.0, STM32Cube_FW_F4_V1.27.1, STM32Cube_FW_F7_V1.17.0, STM32Cube_FW_G0_V1.6.1, STM32Cube_FW_G4_V1.5.1, STM32Cube_FW_H5_V0.5.1, STM32Cube_FW_H5_V1.1.0, STM32Cube_FW_H7_V1.11.0, STM32Cube_FW_L0_V1.12.2, STM32Cube_FW_L5_V1.5.0, STM32Cube_FW_U5_V1.3.0, STM32Cube_FW_U5_V1.3.0RC4, STM32Cube_FW_WBA_V1.0.0RC1, STM32Cube_FW_WBA_V1.1.0, STM32Cube_FW_WBA_V1.1.0RC1, STM32Cube_FW_WB_V1.15.0RC1, STM32Cube_FW_WB_V1.16.0, STM32Cube_FW_WB_V1.16.0RC2, STM32Cube_FW_WB_V1.17.0, STM32Cube_FW_WL_V1.3.0, X-CUBE-ALGOBUILD_V1.3.0, X-CUBE-ALS_V1.0.1, X-CUBE-AZRTOS-F4_V1.1.0, X-CUBE-AZRTOS-F7_V1.1.0, X-CUBE-AZRTOS-G0_V1.1.0, X-CUBE-AZRTOS-G4_V2.0.0, X-CUBE-AZRTOS-H7_V3.1.0, X-CUBE-AZRTOS-L4_V1.0.0, X-CUBE-AZRTOS-L4_V2.0.0, X-CUBE-AZRTOS-L5_V1.1.0, X-CUBE-AZRTOS-WB_V1.1.0, X-CUBE-AZRTOS-WL_V2.0.0, X-CUBE-BLE1_V7.0.0, X-CUBE-BLE2_V3.3.0, X-CUBE-BLEMGR_V2.0.0, X-CUBE-EEPRMA1_V4.1.0, X-CUBE-FREERTOS_V1.1.0, X-CUBE-GNSS1_V6.0.0, X-CUBE-MEMS1_V9.1.0, X-CUBE-MEMS1_V9.4.0, X-CUBE-MEMS1_V9.6.0, X-CUBE-NFC4_V3.0.0, X-CUBE-NFC7_V1.0.0, X-CUBE-SFXS2LP1_V4.0.0, X-CUBE-SUBG2_V5.0.0, X-CUBE-TOF1_V3.3.1]
2023-10-04 15:29:05,285 [INFO] ApiDb:240 - Found 323 in-development CPN: [B-G473E-ZEST1S, B-WB1M-WPAN1, B-WL5M-SUBG1, NUCLEO-C031C6, NUCLEO-H503RB, NUCLEO-H563ZI, NUCLEO-U545RE-Q, NUCLEO-U5A5ZJ-Q, NUCLEO-WBA52CG, STEVAL-PROTEUS1, STEVAL-SMARTAG2, STEVAL-STWINBX1, STM320518-EVAL, STM32C0116-DK, STM32C011D6Y3TR, STM32C011D6Y6TR, STM32C011F4P3, STM32C011F4P6, STM32C011F4U3, STM32C011F4U6TR, STM32C011F6P3, STM32C011F6P6, STM32C011F6U3, STM32C011F6U6TR, STM32C011J4M3, STM32C011J4M6, STM32C011J6M3, STM32C011J6M6, STM32C0316-DK, STM32C031C4T3, STM32C031C4T6, STM32C031C4U3, STM32C031C4U6, STM32C031C6T3, STM32C031C6T6, STM32C031C6U3, STM32C031C6U6, STM32C031F4P3, STM32C031F4P6, STM32C031F6P3, STM32C031F6P6, STM32C031G4U3, STM32C031G4U6, STM32C031G6U3, STM32C031G6U6, STM32C031K4T3, STM32C031K4T6, STM32C031K4U3, STM32C031K4U6, STM32C031K6T3, STM32C031K6T6, STM32C031K6U3, STM32C031K6U6, STM32G071K8TXN, STM32G071K8UXN, STM32G081GBU6N, STM32G081KBT6N, STM32G081KBUXN, STM32G0B1CCT6N, STM32G0B1KCT6, STM32G0B1NEY6TR, STM32G0B1RCT6N, STM32G0C1CCT6, STM32G0C1CCT6N, STM32G0C1CCU6N, STM32G0C1CET6N, STM32G0C1CEU6N, STM32G0C1KCT6, STM32G0C1NEY6TR, STM32G0C1RCI6N, STM32G0C1RCT6N, STM32G0C1REI6N, STM32G0C1RET6N, STM32G0C1VCI6, STM32G0C1VEI6, STM32G471CCT6, STM32G471CCU6, STM32G471CET3, STM32G471CET6, STM32G471CEU3, STM32G471CEU6, STM32G471MCT6, STM32G471MET3, STM32G471MET6, STM32G471MEY6TR, STM32G471QCT6, STM32G471QET3, STM32G471RCT6, STM32G471RET3, STM32G471RET6, STM32G471VCH6, STM32G471VCI6, STM32G471VCT6, STM32G471VEH3, STM32G471VEH6, STM32G471VEI3, STM32G471VEI6, STM32G471VET3, STM32G471VET6, STM32G474CCT6, STM32H503CBT6, STM32H503CBU6, STM32H503EBY6TR, STM32H503KBU6, STM32H503RBT6, STM32H562AGI6, STM32H562AII6, STM32H562IGK6, STM32H562IGT6, STM32H562IIK6, STM32H562IIT6, STM32H562RGT6, STM32H562RGV6, STM32H562RIT6, STM32H562RIV6, STM32H562VGT6, STM32H562VIT6, STM32H562ZGT6, STM32H562ZIT6, STM32H563AGI6, STM32H563AII3Q, STM32H563AII6, STM32H563IGK6, STM32H563IGT6, STM32H563IIK3Q, STM32H563IIK6, STM32H563IIT3Q, STM32H563IIT6, STM32H563MIY3QTR, STM32H563RGT6, STM32H563RGV6, STM32H563RIT6, STM32H563RIV6, STM32H563VGT6, STM32H563VIT3Q, STM32H563VIT6, STM32H563ZGT6, STM32H563ZIT3Q, STM32H563ZIT6, STM32H573AII3Q, STM32H573AII6, STM32H573I-DK, STM32H573IIK3Q, STM32H573IIK6, STM32H573IIT3Q, STM32H573IIT6, STM32H573MIY3QTR, STM32H573RIT6, STM32H573RIV6, STM32H573VIT3Q, STM32H573VIT6, STM32H573ZIT3Q, STM32H573ZIT6, STM32L4R5QGI6STR, STM32MP131AAE3, STM32MP131AAF3, STM32MP131AAG3, STM32MP131CAE3, STM32MP131CAF3, STM32MP131CAG3, STM32MP131DAE7, STM32MP131DAF7, STM32MP131DAG7, STM32MP131FAE7, STM32MP131FAF7, STM32MP131FAG7, STM32MP133AAE3, STM32MP133AAF3, STM32MP133AAG3, STM32MP133CAE3, STM32MP133CAF3, STM32MP133CAG3, STM32MP133DAE7, STM32MP133DAF7, STM32MP133DAG7, STM32MP133FAE7, STM32MP133FAF7, STM32MP133FAG7, STM32MP135AAE3, STM32MP135AAF3, STM32MP135AAG3, STM32MP135CAE3, STM32MP135CAF3, STM32MP135CAG3, STM32MP135DAE7, STM32MP135DAF7, STM32MP135DAG7, STM32MP135F-DK, STM32MP135FAE7, STM32MP135FAF7, STM32MP135FAF7T, STM32MP135FAF7U, STM32MP135FAG7, STM32U535CBT6, STM32U535CBT6Q, STM32U535CBU6, STM32U535CBU6Q, STM32U535CCT6, STM32U535CCT6Q, STM32U535CCU6, STM32U535CCU6Q, STM32U535CET6, STM32U535CET6Q, STM32U535CEU6, STM32U535CEU6Q, STM32U535JEY6QTR, STM32U535NCY6QTR, STM32U535NEY6QTR, STM32U535RBI6, STM32U535RBI6Q, STM32U535RBT6, STM32U535RBT6Q, STM32U535RCI6, STM32U535RCI6Q, STM32U535RCT6, STM32U535RCT6Q, STM32U535REI6, STM32U535REI6Q, STM32U535RET6, STM32U535RET6Q, STM32U535VCI6, STM32U535VCI6Q, STM32U535VCT6, STM32U535VCT6Q, STM32U535VEI6, STM32U535VEI6Q, STM32U535VET6, STM32U535VET6Q, STM32U545CET6, STM32U545CET6Q, STM32U545CEU6, STM32U545CEU6Q, STM32U545JEY6QTR, STM32U545NEY6QTR, STM32U545REI6, STM32U545REI6Q, STM32U545RET6, STM32U545RET6Q, STM32U545VEI6, STM32U545VEI6Q, STM32U545VET6, STM32U545VET6Q, STM32U595AIH6, STM32U595AIH6Q, STM32U595AJH6, STM32U595AJH6Q, STM32U595QII6, STM32U595QII6Q, STM32U595QJI6, STM32U595QJI6Q, STM32U595RIT6, STM32U595RIT6Q, STM32U595RJT6, STM32U595RJT6Q, STM32U595VIT6, STM32U595VIT6Q, STM32U595VJT6, STM32U595VJT6Q, STM32U595ZIT6, STM32U595ZIT6Q, STM32U595ZIY6QTR, STM32U595ZJT6, STM32U595ZJT6Q, STM32U595ZJY6QTR, STM32U599BJY6QTR, STM32U599NIH6Q, STM32U599NJH6Q, STM32U599VIT6Q, STM32U599VJT6, STM32U599VJT6Q, STM32U599ZIT6Q, STM32U599ZIY6QTR, STM32U599ZJT6Q, STM32U599ZJY6QTR, STM32U5A5AJH6, STM32U5A5AJH6Q, STM32U5A5QJI6, STM32U5A5QJI6Q, STM32U5A5RJT6, STM32U5A5RJT6Q, STM32U5A5VJT6, STM32U5A5VJT6Q, STM32U5A5ZJT6, STM32U5A5ZJT6Q, STM32U5A5ZJY6QTR, STM32U5A9BJY6QTR, STM32U5A9J-DK, STM32U5A9NJH6Q, STM32U5A9VJT6Q, STM32U5A9ZJT6Q, STM32U5A9ZJY6QTR, STM32U5F7VIT6, STM32U5F7VIT6Q, STM32U5F7VJT6, STM32U5F7VJT6Q, STM32U5F9BJY6QTR, STM32U5F9NJH6Q, STM32U5F9VIT6Q, STM32U5F9VJT6Q, STM32U5F9ZIJ6QTR, STM32U5F9ZIT6Q, STM32U5F9ZJJ6QTR, STM32U5F9ZJT6Q, STM32U5G7VJT6, STM32U5G7VJT6Q, STM32U5G9BJY6QTR, STM32U5G9J-DK1, STM32U5G9J-DK2, STM32U5G9NJH6Q, STM32U5G9VJT6Q, STM32U5G9ZJJ6QTR, STM32U5G9ZJT6Q, STM32WB1MMCH6, STM32WBA52CEU6, STM32WBA52CEU6T, STM32WBA52CGU6, STM32WBA52CGU6T, STM32WBA52KEU6, STM32WBA52KEU6T, STM32WBA52KGU6, STM32WBA52KGU6T, STM32WL5MOCH6, STM32WL5MOCH6TR]
2023-10-04 15:29:05,293 [INFO] DbMcus:217 - Found 3848 MCUs, 3848 are supported
2023-10-04 15:29:05,294 [INFO] ApiDb:423 - Load user favorites file C:\Users\YYcri/.stm32cubeide/favorites.mcus.txt: 0 item(s)
2023-10-04 15:29:05,295 [INFO] ApiDb:427 - User favorites MCUs=[]
2023-10-04 15:29:05,295 [INFO] DbMcus:223 - Set 0 / 0 favorites MCUs
2023-10-04 15:29:05,684 [WARN] ThirdParty:833 - waiting for thirdparty lock release [change project]
2023-10-04 15:29:05,684 [INFO] ThirdParty:835 - entering critical section [change project]
2023-10-04 15:29:05,684 [INFO] ThirdParty:1030 - CMSIS Pack Vendor :STMicroelectronics X-CUBE-ISPU 1.1.0
2023-10-04 15:29:05,684 [INFO] ThirdParty:1030 - CMSIS Pack Vendor :STMicroelectronics USBPD 4.1
2023-10-04 15:29:05,684 [INFO] ThirdParty:1030 - CMSIS Pack Vendor :RoweBots I-CUBE-UNISONRTOS 5.5.0-4
2023-10-04 15:29:05,684 [INFO] ThirdParty:1030 - CMSIS Pack Vendor :STMicroelectronics X-CUBE-GNSS1 6.0.0
2023-10-04 15:29:05,684 [INFO] ThirdParty:1030 - CMSIS Pack Vendor :STMicroelectronics X-CUBE-AZRTOS-H7 2.1.0
2023-10-04 15:29:05,685 [INFO] ThirdParty:1030 - CMSIS Pack Vendor :STMicroelectronics USB_HOST 2.0.0
2023-10-04 15:29:05,685 [INFO] ThirdParty:1030 - CMSIS Pack Vendor :STMicroelectronics X-CUBE-AZRTOS-F4 1.1.0
2023-10-04 15:29:05,685 [INFO] ThirdParty:1030 - CMSIS Pack Vendor :STMicroelectronics LIBJPEG 8.0.0
2023-10-04 15:29:05,685 [INFO] ThirdParty:1030 - CMSIS Pack Vendor :STMicroelectronics X-CUBE-SMBUS 2.1.0
2023-10-04 15:29:05,685 [INFO] ThirdParty:1030 - CMSIS Pack Vendor :STMicroelectronics USB_DEVICE 3.0.0
2023-10-04 15:29:05,685 [INFO] ThirdParty:1030 - CMSIS Pack Vendor :STMicroelectronics X-CUBE-AI 8.0.0
2023-10-04 15:29:05,685 [INFO] ThirdParty:1030 - CMSIS Pack Vendor :STMicroelectronics X-CUBE-AZRTOS-WB 2.0.0
2023-10-04 15:29:05,685 [INFO] ThirdParty:1030 - CMSIS Pack Vendor :STMicroelectronics X-CUBE-FREERTOS 1.0.0
2023-10-04 15:29:05,685 [INFO] ThirdParty:1030 - CMSIS Pack Vendor :STMicroelectronics X-CUBE-FREERTOS 1.0.1
2023-10-04 15:29:05,685 [INFO] ThirdParty:1030 - CMSIS Pack Vendor :STMicroelectronics X-CUBE-TOUCHGFX 4.21.1
2023-10-04 15:29:05,685 [INFO] ThirdParty:1030 - CMSIS Pack Vendor :STMicroelectronics X-CUBE-TOUCHGFX 4.21.0
2023-10-04 15:29:05,685 [INFO] ThirdParty:1030 - CMSIS Pack Vendor :STMicroelectronics X-CUBE-TOUCHGFX 4.21.3
2023-10-04 15:29:05,685 [INFO] ThirdParty:1030 - CMSIS Pack Vendor :STMicroelectronics X-CUBE-BLEMGR 1.2.0
2023-10-04 15:29:05,685 [INFO] ThirdParty:1030 - CMSIS Pack Vendor :STMicroelectronics X-CUBE-AZRTOS-F7 1.1.0
2023-10-04 15:29:05,685 [INFO] ThirdParty:1030 - CMSIS Pack Vendor :STMicroelectronics X-CUBE-AZRTOS-L5 2.0.0
2023-10-04 15:29:05,685 [INFO] ThirdParty:1030 - CMSIS Pack Vendor :STMicroelectronics X-CUBE-MEMS1 9.4.0
2023-10-04 15:29:05,685 [INFO] ThirdParty:1030 - CMSIS Pack Vendor :STMicroelectronics USB_DEVICE 2.0.0
2023-10-04 15:29:05,685 [INFO] ThirdParty:1030 - CMSIS Pack Vendor :STMicroelectronics X-CUBE-AI 7.3.0
2023-10-04 15:29:05,685 [INFO] ThirdParty:1030 - CMSIS Pack Vendor :STMicroelectronics X-CUBE-MEMS1 9.6.0
2023-10-04 15:29:05,685 [INFO] ThirdParty:1030 - CMSIS Pack Vendor :ITTIA_DB I-CUBE-ITTIADB 8.8.0
2023-10-04 15:29:05,685 [INFO] ThirdParty:1030 - CMSIS Pack Vendor :STMicroelectronics FP-SNS-MOTENV1 4.3.2
2023-10-04 15:29:05,685 [INFO] ThirdParty:1030 - CMSIS Pack Vendor :STMicroelectronics FP-SNS-FLIGHT1 5.0.1
2023-10-04 15:29:05,685 [INFO] ThirdParty:1030 - CMSIS Pack Vendor :STMicroelectronics X-CUBE-BLE1 6.2.3
2023-10-04 15:29:05,686 [INFO] ThirdParty:1030 - CMSIS Pack Vendor :STMicroelectronics X-CUBE-ALGOBUILD 1.3.0
2023-10-04 15:29:05,686 [INFO] ThirdParty:1030 - CMSIS Pack Vendor :STMicroelectronics X-CUBE-BLE1 6.2.4
2023-10-04 15:29:05,686 [INFO] ThirdParty:1030 - CMSIS Pack Vendor :STMicroelectronics X-CUBE-AZRTOS-L5 1.1.0
2023-10-04 15:29:05,686 [INFO] ThirdParty:1030 - CMSIS Pack Vendor :STMicroelectronics FreeRTOS 0.0.1
2023-10-04 15:29:05,686 [INFO] ThirdParty:1030 - CMSIS Pack Vendor :STMicroelectronics X-CUBE-AZRTOS-G0 1.1.0
2023-10-04 15:29:05,686 [INFO] ThirdParty:1030 - CMSIS Pack Vendor :STMicroelectronics X-CUBE-BLEMGR 2.0.0
2023-10-04 15:29:05,686 [INFO] ThirdParty:1030 - CMSIS Pack Vendor :STMicroelectronics X-CUBE-AI 8.0.1
2023-10-04 15:29:05,686 [INFO] ThirdParty:1030 - CMSIS Pack Vendor :STMicroelectronics X-CUBE-NFC4 3.0.0
2023-10-04 15:29:05,686 [INFO] ThirdParty:1030 - CMSIS Pack Vendor :STMicroelectronics X-CUBE-SUBG2 5.0.0
2023-10-04 15:29:05,686 [INFO] ThirdParty:1030 - CMSIS Pack Vendor :STMicroelectronics STM32_WPAN 1.0.0
2023-10-04 15:29:05,686 [INFO] ThirdParty:1030 - CMSIS Pack Vendor :SEGGER I-CUBE-embOS 1.2.1
2023-10-04 15:29:05,686 [INFO] ThirdParty:1030 - CMSIS Pack Vendor :STMicroelectronics lwIP 2.0.3
2023-10-04 15:29:05,686 [INFO] ThirdParty:1030 - CMSIS Pack Vendor :STMicroelectronics FP-SNS-FLIGHT1 5.0.2
2023-10-04 15:29:05,686 [INFO] ThirdParty:1030 - CMSIS Pack Vendor :STMicroelectronics X-CUBE-NFC4 2.0.5
2023-10-04 15:29:05,686 [INFO] ThirdParty:1030 - CMSIS Pack Vendor :STMicroelectronics X-CUBE-NFC4 2.0.4
2023-10-04 15:29:05,686 [INFO] ThirdParty:1030 - CMSIS Pack Vendor :STMicroelectronics USB_HOST 1.0.0
2023-10-04 15:29:05,686 [INFO] ThirdParty:1030 - CMSIS Pack Vendor :STMicroelectronics X-CUBE-TOF1 3.3.1
2023-10-04 15:29:05,686 [INFO] ThirdParty:1030 - CMSIS Pack Vendor :STMicroelectronics X-CUBE-AZRTOS-G4 2.0.0
2023-10-04 15:29:05,686 [INFO] ThirdParty:1030 - CMSIS Pack Vendor :STMicroelectronics PDM2PCM 3.1.0
2023-10-04 15:29:05,686 [INFO] ThirdParty:1030 - CMSIS Pack Vendor :STMicroelectronics X-CUBE-AZRTOS-H7 3.1.0
2023-10-04 15:29:05,686 [INFO] ThirdParty:1030 - CMSIS Pack Vendor :STMicroelectronics X-CUBE-TOF1 3.3.0
2023-10-04 15:29:05,686 [INFO] ThirdParty:1030 - CMSIS Pack Vendor :STMicroelectronics FP-ATR-ASTRA1 1.1.1
2023-10-04 15:29:05,687 [INFO] ThirdParty:1030 - CMSIS Pack Vendor :STMicroelectronics PDM2PCM 3.3.0
2023-10-04 15:29:05,687 [INFO] ThirdParty:1030 - CMSIS Pack Vendor :STMicroelectronics X-CUBE-DISPLAY 3.0.0
2023-10-04 15:29:05,687 [INFO] ThirdParty:1030 - CMSIS Pack Vendor :STMicroelectronics X-CUBE-BLEMGR 1.3.0
2023-10-04 15:29:05,687 [INFO] ThirdParty:1030 - CMSIS Pack Vendor :STMicroelectronics X-CUBE-BLE1 7.0.0
2023-10-04 15:29:05,687 [INFO] ThirdParty:1030 - CMSIS Pack Vendor :STMicroelectronics FP-ATR-SIGFOX1 3.2.0
2023-10-04 15:29:05,687 [INFO] ThirdParty:1030 - CMSIS Pack Vendor :STMicroelectronics X-CUBE-AZRTOS-G4 1.0.0
2023-10-04 15:29:05,687 [INFO] ThirdParty:1030 - CMSIS Pack Vendor :STMicroelectronics X-CUBE-AZRTOS-L4 1.0.0
2023-10-04 15:29:05,687 [INFO] ThirdParty:1030 - CMSIS Pack Vendor :wolfSSL I-CUBE-wolfSSL 5.5.1
2023-10-04 15:29:05,687 [INFO] ThirdParty:1030 - CMSIS Pack Vendor :STMicroelectronics HAL Drivers 0.0.0
2023-10-04 15:29:05,687 [INFO] ThirdParty:1030 - CMSIS Pack Vendor :STMicroelectronics MBEDTLS 2.16.2
2023-10-04 15:29:05,687 [INFO] ThirdParty:1030 - CMSIS Pack Vendor :emotas I-CUBE-CANOPEN 1.1.2
2023-10-04 15:29:05,687 [INFO] ThirdParty:1030 - CMSIS Pack Vendor :STMicroelectronics X-CUBE-TOUCHGFX 4.20.0
2023-10-04 15:29:05,687 [INFO] ThirdParty:1030 - CMSIS Pack Vendor :STMicroelectronics X-CUBE-FREERTOS 1.1.0
2023-10-04 15:29:05,687 [INFO] ThirdParty:1030 - CMSIS Pack Vendor :STMicroelectronics X-CUBE-TOUCHGFX 4.22.0
2023-10-04 15:29:05,687 [INFO] ThirdParty:1030 - CMSIS Pack Vendor :STMicroelectronics X-CUBE-NFC7 1.0.1
2023-10-04 15:29:05,687 [INFO] ThirdParty:1030 - CMSIS Pack Vendor :STMicroelectronics MBEDTLS 2.14.1
2023-10-04 15:29:05,687 [INFO] ThirdParty:1030 - CMSIS Pack Vendor :STMicroelectronics X-CUBE-NFC7 1.0.0
2023-10-04 15:29:05,687 [INFO] ThirdParty:1030 - CMSIS Pack Vendor :STMicroelectronics X-CUBE-TOUCHGFX 4.22.1
2023-10-04 15:29:05,687 [INFO] ThirdParty:1030 - CMSIS Pack Vendor :STMicroelectronics X-CUBE-AZRTOS-WL 1.0.0
2023-10-04 15:29:05,687 [INFO] ThirdParty:1030 - CMSIS Pack Vendor :STMicroelectronics X-CUBE-NFC6 3.0.0
2023-10-04 15:29:05,687 [INFO] ThirdParty:1030 - CMSIS Pack Vendor :STMicroelectronics X-CUBE-MEMS1 9.3.0
2023-10-04 15:29:05,687 [INFO] ThirdParty:1030 - CMSIS Pack Vendor :STMicroelectronics X-CUBE-EEPRMA1 4.1.0
2023-10-04 15:29:05,687 [INFO] ThirdParty:1030 - CMSIS Pack Vendor :portGmbH I-Cube-SoM-uGOAL 1.1.0
2023-10-04 15:29:05,687 [INFO] ThirdParty:1030 - CMSIS Pack Vendor :STMicroelectronics X-CUBE-ALS 1.0.1
2023-10-04 15:29:05,687 [INFO] ThirdParty:1030 - CMSIS Pack Vendor :STMicroelectronics X-CUBE-MEMS1 9.5.0
2023-10-04 15:29:05,687 [INFO] ThirdParty:1030 - CMSIS Pack Vendor :STMicroelectronics ThreadX 1.0.0
2023-10-04 15:29:05,687 [INFO] ThirdParty:1030 - CMSIS Pack Vendor :STMicroelectronics FP-SNS-SMARTAG2 1.2.0
2023-10-04 15:29:05,688 [INFO] ThirdParty:1030 - CMSIS Pack Vendor :STMicroelectronics X-CUBE-AZRTOS-WB 1.1.0
2023-10-04 15:29:05,688 [INFO] ThirdParty:1030 - CMSIS Pack Vendor :STMicroelectronics X-CUBE-AZRTOS-WL 2.0.0
2023-10-04 15:29:05,688 [INFO] ThirdParty:1030 - CMSIS Pack Vendor :SEGGER I-CUBE-embOS 1.3.1
2023-10-04 15:29:05,688 [INFO] ThirdParty:1030 - CMSIS Pack Vendor :STMicroelectronics X-CUBE-AZRTOS-L5 1.0.0
2023-10-04 15:29:05,688 [INFO] ThirdParty:1030 - CMSIS Pack Vendor :STMicroelectronics USB_DEVICE 1.0.0
2023-10-04 15:29:05,688 [INFO] ThirdParty:1030 - CMSIS Pack Vendor :STMicroelectronics X-CUBE-AI 8.1.0
2023-10-04 15:29:05,688 [INFO] ThirdParty:1030 - CMSIS Pack Vendor :STMicroelectronics X-CUBE-EEPRMA1 3.1.1
2023-10-04 15:29:05,688 [INFO] ThirdParty:1030 - CMSIS Pack Vendor :STMicroelectronics X-CUBE-AZRTOS-L4 2.0.0
2023-10-04 15:29:05,688 [INFO] ThirdParty:1030 - CMSIS Pack Vendor :STMicroelectronics ThreadX 0.0.2
2023-10-04 15:29:05,688 [INFO] ThirdParty:1030 - CMSIS Pack Vendor :WES I-CUBE-Cesium 1.3.0
2023-10-04 15:29:05,688 [INFO] ThirdParty:1030 - CMSIS Pack Vendor :STMicroelectronics FP-ATR-ASTRA1 2.0.0
2023-10-04 15:29:05,688 [INFO] ThirdParty:1030 - CMSIS Pack Vendor :STMicroelectronics lwIP 2.1.2
2023-10-04 15:29:05,688 [INFO] ThirdParty:1030 - CMSIS Pack Vendor :STMicroelectronics X-CUBE-SFXS2LP1 4.0.0
2023-10-04 15:29:05,688 [INFO] ThirdParty:1030 - CMSIS Pack Vendor :STMicroelectronics X-CUBE-BLE2 3.3.0
2023-10-04 15:29:05,688 [INFO] ThirdParty:1030 - CMSIS Pack Vendor :STMicroelectronics X-CUBE-DISPLAY 2.2.0
2023-10-04 15:29:05,688 [INFO] ThirdParty:1030 - CMSIS Pack Vendor :STMicroelectronics X-CUBE-TOF1 3.2.0
2023-10-04 15:29:05,688 [INFO] ThirdParty:1030 - CMSIS Pack Vendor :STMicroelectronics PDM2PCM 3.2.0
2023-10-04 15:29:05,688 [INFO] ThirdParty:1030 - CMSIS Pack Vendor :STMicroelectronics X-CUBE-AZRTOS-H7 3.0.0
2023-10-04 15:29:05,688 [INFO] ThirdParty:1030 - CMSIS Pack Vendor :STMicroelectronics X-CUBE-ISPU 1.0.0
2023-10-04 15:29:05,688 [INFO] ThirdParty:841 - exiting critical section [change project]
2023-10-04 15:29:06,095 [INFO] PinOutPanel:1499 - setPackage(No Configuration,No Configuration)
2023-10-04 15:29:06,096 [INFO] PinOutPanel:1499 - setPackage(STM32G431KBTx,LQFP32)
2023-10-04 15:29:06,562 [INFO] UtilMem:75 - Before build in PCC Used Memory: 265874512 Bytes (360710144)
2023-10-04 15:29:07,661 [INFO] UtilMem:75 - After build in PCC Used Memory: 229424240 Bytes (360710144)
2023-10-04 15:29:07,697 [INFO] IPUIPlugin:80 - create IPUIPlugin
2023-10-04 15:29:07,698 [INFO] IPUIPlugin:80 - create IPUIPlugin
2023-10-04 15:29:07,698 [INFO] IPUIPlugin:80 - create IPUIPlugin
2023-10-04 15:29:07,698 [INFO] IPUIPlugin:80 - create IPUIPlugin
2023-10-04 15:29:07,698 [INFO] IPUIPlugin:80 - create IPUIPlugin
2023-10-04 15:29:07,698 [INFO] IPUIPlugin:80 - create IPUIPlugin
2023-10-04 15:29:07,698 [INFO] IPUIPlugin:80 - create IPUIPlugin
2023-10-04 15:29:07,698 [INFO] IPUIPlugin:80 - create IPUIPlugin
2023-10-04 15:29:07,698 [INFO] IPUIPlugin:80 - create IPUIPlugin
2023-10-04 15:29:07,699 [INFO] IPUIPlugin:80 - create IPUIPlugin
2023-10-04 15:29:07,699 [INFO] IPUIPlugin:80 - create IPUIPlugin
2023-10-04 15:29:07,699 [INFO] IPUIPlugin:80 - create IPUIPlugin
2023-10-04 15:29:07,699 [INFO] IPUIPlugin:80 - create IPUIPlugin
2023-10-04 15:29:07,699 [INFO] IPUIPlugin:80 - create IPUIPlugin
2023-10-04 15:29:07,699 [INFO] IPUIPlugin:80 - create IPUIPlugin
2023-10-04 15:29:07,700 [INFO] IPUIPlugin:80 - create IPUIPlugin
2023-10-04 15:29:07,700 [INFO] IPUIPlugin:80 - create IPUIPlugin
2023-10-04 15:29:07,700 [INFO] IPUIPlugin:80 - create IPUIPlugin
2023-10-04 15:29:07,700 [INFO] IPUIPlugin:80 - create IPUIPlugin
2023-10-04 15:29:07,700 [INFO] IPUIPlugin:80 - create IPUIPlugin
2023-10-04 15:29:07,700 [INFO] IPUIPlugin:80 - create IPUIPlugin
2023-10-04 15:29:07,700 [INFO] IPUIPlugin:80 - create IPUIPlugin
2023-10-04 15:29:07,701 [INFO] IPUIPlugin:80 - create IPUIPlugin
2023-10-04 15:29:07,701 [INFO] IPUIPlugin:80 - create IPUIPlugin
2023-10-04 15:29:07,701 [INFO] IPUIPlugin:80 - create IPUIPlugin
2023-10-04 15:29:07,702 [INFO] IPUIPlugin:80 - create IPUIPlugin
2023-10-04 15:29:07,702 [INFO] IPUIPlugin:80 - create IPUIPlugin
2023-10-04 15:29:07,702 [INFO] IPUIPlugin:80 - create IPUIPlugin
2023-10-04 15:29:07,702 [INFO] IPUIPlugin:80 - create IPUIPlugin
2023-10-04 15:29:07,702 [INFO] IPUIPlugin:80 - create IPUIPlugin
2023-10-04 15:29:07,703 [INFO] IPUIPlugin:80 - create IPUIPlugin
2023-10-04 15:29:07,703 [INFO] IPUIPlugin:80 - create IPUIPlugin
2023-10-04 15:29:07,703 [INFO] IPUIPlugin:80 - create IPUIPlugin
2023-10-04 15:29:07,703 [INFO] IPUIPlugin:80 - create IPUIPlugin
2023-10-04 15:29:07,704 [INFO] IPUIPlugin:80 - create IPUIPlugin
2023-10-04 15:29:07,704 [INFO] IPUIPlugin:80 - create IPUIPlugin
2023-10-04 15:29:07,705 [INFO] IPUIPlugin:80 - create IPUIPlugin
2023-10-04 15:29:07,705 [INFO] IPUIPlugin:80 - create IPUIPlugin
2023-10-04 15:29:07,705 [INFO] IPUIPlugin:80 - create IPUIPlugin
2023-10-04 15:29:07,705 [INFO] IPUIPlugin:80 - create IPUIPlugin
2023-10-04 15:29:07,705 [INFO] IPUIPlugin:80 - create IPUIPlugin
2023-10-04 15:29:07,707 [INFO] IPUIPlugin:80 - create IPUIPlugin
2023-10-04 15:29:07,707 [INFO] IPUIPlugin:80 - create IPUIPlugin
2023-10-04 15:29:07,707 [INFO] IPUIPlugin:80 - create IPUIPlugin
2023-10-04 15:29:07,708 [INFO] IPUIPlugin:80 - create IPUIPlugin
2023-10-04 15:29:07,708 [INFO] IPUIPlugin:80 - create IPUIPlugin
2023-10-04 15:29:07,708 [INFO] IPUIPlugin:80 - create IPUIPlugin
2023-10-04 15:29:07,709 [INFO] IPUIPlugin:80 - create IPUIPlugin
2023-10-04 15:29:07,709 [INFO] IPUIPlugin:80 - create IPUIPlugin
2023-10-04 15:29:07,709 [INFO] IPUIPlugin:80 - create IPUIPlugin
2023-10-04 15:29:07,710 [INFO] IPUIPlugin:80 - create IPUIPlugin
2023-10-04 15:29:07,710 [INFO] IPUIPlugin:80 - create IPUIPlugin
2023-10-04 15:29:07,711 [INFO] IPUIPlugin:80 - create IPUIPlugin
2023-10-04 15:29:07,711 [INFO] IPUIPlugin:80 - create IPUIPlugin
2023-10-04 15:29:07,712 [INFO] IPUIPlugin:80 - create IPUIPlugin
2023-10-04 15:29:07,713 [INFO] IPUIPlugin:80 - create IPUIPlugin
2023-10-04 15:29:07,972 [INFO] CADModel:165 - CPN selected for project levelSTM32G431KBT6
2023-10-04 15:29:07,972 [INFO] CADModel:114 - Register for checkConnection events
2023-10-04 15:29:08,029 [INFO] OpenFileManager:328 - Restore cursor
2023-10-04 15:29:09,683 [ERROR] LogOutputStream:75 - [STDERR_REDIRECT] SLF4J: Failed to load class "org.slf4j.impl.StaticLoggerBinder".
2023-10-04 15:29:09,683 [ERROR] LogOutputStream:75 - [STDERR_REDIRECT] SLF4J: Defaulting to no-operation (NOP) logger implementation
2023-10-04 15:29:09,685 [ERROR] LogOutputStream:75 - [STDERR_REDIRECT] SLF4J: See http://www.slf4j.org/codes.html#StaticLoggerBinder for further details.
2023-10-04 16:22:36,303 [INFO] MainUpdater:2868 - connection check result : 10
2023-10-04 16:22:36,305 [INFO] MainUpdater:2868 - connection check result : 10
2023-10-04 16:22:36,371 [INFO] I2cTimingTraitement:330 - 0x00702991
2023-10-04 16:22:36,376 [INFO] MicroXplorer:468 - Change Database Path : 
2023-10-04 16:22:36,376 [INFO] MicroXplorer:498 - Change Database Version : DB.6.0.92
2023-10-04 16:22:36,409 [WARN] ThirdParty:871 - waiting for thirdparty lock release [close project]
2023-10-04 16:22:36,409 [INFO] ThirdParty:873 - entering critical section [close project]
2023-10-04 16:22:36,409 [INFO] ThirdParty:883 - exiting critical section [close project]
2023-10-04 16:22:36,412 [INFO] PinOutPanel:1499 - setPackage(No Configuration,No Configuration)
2023-10-04 16:22:36,419 [INFO] UtilMem:75 - Begin LoadConfig() Used Memory: 538604712 Bytes (979369984)
2023-10-04 16:22:36,420 [INFO] MicroXplorer:468 - Change Database Path : 
2023-10-04 16:22:36,420 [INFO] MicroXplorer:498 - Change Database Version : DB.6.0.92
2023-10-04 16:22:36,420 [INFO] OpenFileManager:308 - Change cursor
2023-10-04 16:22:36,432 [INFO] Mcu:1946 - Initializing MCU STM32G431K(6-8-B)Tx STM32G431KBTx STM32G431KBT6
2023-10-04 16:22:39,056 [INFO] Context:659 - Trying to add GPIOservice into a context  which must be forbidden
2023-10-04 16:22:39,874 [INFO] RtosManager:555 - Registered RTOS mode: class=CMSIS, group=RTOS, mode=CMSIS_V1, owner=FREERTOS
2023-10-04 16:22:39,874 [INFO] RtosManager:555 - Registered RTOS mode: class=CMSIS, group=RTOS2, mode=CMSIS_V2, owner=FREERTOS
2023-10-04 16:22:39,874 [INFO] RtosManager:555 - Registered RTOS mode: class=RTOS, group=Core, mode=CMSIS_V1, owner=FREERTOS
2023-10-04 16:22:39,874 [INFO] RtosManager:555 - Registered RTOS mode: class=RTOS, group=Core, mode=CMSIS_V2, owner=FREERTOS
2023-10-04 16:22:39,874 [WARN] ModelIntegratedComponent:184 - Missing modes for component STMicroelectronics:FreeRTOS:0.0.1:STMicroelectronics:RTOS:FreeRTOS:Core:::10.2.0:
2023-10-04 16:22:39,884 [WARN] ModelIntegratedComponent:63 - No mode defined for component null
2023-10-04 16:22:39,884 [WARN] ModelIntegratedComponent:63 - No mode defined for component null
2023-10-04 16:22:39,884 [WARN] ModelIntegratedComponent:63 - No mode defined for component null
2023-10-04 16:22:39,885 [WARN] ModelIntegratedComponent:63 - No mode defined for component null
2023-10-04 16:22:39,885 [WARN] ModelIntegratedComponent:63 - No mode defined for component null
2023-10-04 16:22:39,885 [WARN] ModelIntegratedComponent:63 - No mode defined for component null
2023-10-04 16:22:39,885 [WARN] ModelIntegratedComponent:63 - No mode defined for component null
2023-10-04 16:22:39,885 [WARN] ModelIntegratedComponent:63 - No mode defined for component null
2023-10-04 16:22:39,885 [WARN] ModelIntegratedComponent:63 - No mode defined for component null
2023-10-04 16:22:39,885 [WARN] ModelIntegratedComponent:63 - No mode defined for component null
2023-10-04 16:22:39,885 [WARN] ModelIntegratedComponent:63 - No mode defined for component null
2023-10-04 16:22:39,885 [WARN] ModelIntegratedComponent:63 - No mode defined for component null
2023-10-04 16:22:39,885 [WARN] ModelIntegratedComponent:63 - No mode defined for component null
2023-10-04 16:22:39,885 [WARN] ModelIntegratedComponent:63 - No mode defined for component null
2023-10-04 16:22:39,885 [WARN] ModelIntegratedComponent:63 - No mode defined for component null
2023-10-04 16:22:39,885 [WARN] ModelIntegratedComponent:63 - No mode defined for component null
2023-10-04 16:22:39,885 [WARN] ModelIntegratedComponent:63 - No mode defined for component null
2023-10-04 16:22:39,885 [WARN] ModelIntegratedComponent:63 - No mode defined for component null
2023-10-04 16:22:39,885 [WARN] ModelIntegratedComponent:63 - No mode defined for component null
2023-10-04 16:22:39,885 [WARN] ModelIntegratedComponent:63 - No mode defined for component null
2023-10-04 16:22:39,885 [WARN] ModelIntegratedComponent:63 - No mode defined for component null
2023-10-04 16:22:39,885 [WARN] ModelIntegratedComponent:63 - No mode defined for component null
2023-10-04 16:22:39,885 [WARN] ModelIntegratedComponent:63 - No mode defined for component null
2023-10-04 16:22:39,885 [WARN] ModelIntegratedComponent:63 - No mode defined for component null
2023-10-04 16:22:39,885 [WARN] ModelIntegratedComponent:63 - No mode defined for component null
2023-10-04 16:22:39,885 [WARN] ModelIntegratedComponent:63 - No mode defined for component null
2023-10-04 16:22:39,885 [WARN] ModelIntegratedComponent:63 - No mode defined for component null
2023-10-04 16:22:39,885 [WARN] ModelIntegratedComponent:63 - No mode defined for component null
2023-10-04 16:22:39,885 [WARN] ModelIntegratedComponent:63 - No mode defined for component null
2023-10-04 16:22:39,885 [WARN] ModelIntegratedComponent:63 - No mode defined for component null
2023-10-04 16:22:39,885 [WARN] ModelIntegratedComponent:63 - No mode defined for component null
2023-10-04 16:22:39,886 [WARN] ModelIntegratedComponent:63 - No mode defined for component null
2023-10-04 16:22:39,886 [WARN] ModelIntegratedComponent:63 - No mode defined for component null
2023-10-04 16:22:40,055 [INFO] ThirdPartyModel:298 - Start build external matchings
2023-10-04 16:22:41,453 [INFO] ThirdPartyModel:316 - End build external matchings
2023-10-04 16:22:41,872 [INFO] UtilMem:75 - End LoadConfig() Used Memory: 449339760 Bytes (999292928)
2023-10-04 16:22:41,939 [WARN] ThirdParty:833 - waiting for thirdparty lock release [change project]
2023-10-04 16:22:41,939 [INFO] ThirdParty:835 - entering critical section [change project]
2023-10-04 16:22:41,939 [INFO] ThirdParty:1030 - CMSIS Pack Vendor :STMicroelectronics X-CUBE-ISPU 1.1.0
2023-10-04 16:22:41,939 [INFO] ThirdParty:1030 - CMSIS Pack Vendor :STMicroelectronics USBPD 4.1
2023-10-04 16:22:41,940 [INFO] ThirdParty:1030 - CMSIS Pack Vendor :RoweBots I-CUBE-UNISONRTOS 5.5.0-4
2023-10-04 16:22:41,940 [INFO] ThirdParty:1030 - CMSIS Pack Vendor :STMicroelectronics X-CUBE-GNSS1 6.0.0
2023-10-04 16:22:41,940 [INFO] ThirdParty:1030 - CMSIS Pack Vendor :STMicroelectronics X-CUBE-AZRTOS-H7 2.1.0
2023-10-04 16:22:41,940 [INFO] ThirdParty:1030 - CMSIS Pack Vendor :STMicroelectronics USB_HOST 2.0.0
2023-10-04 16:22:41,940 [INFO] ThirdParty:1030 - CMSIS Pack Vendor :STMicroelectronics X-CUBE-AZRTOS-F4 1.1.0
2023-10-04 16:22:41,940 [INFO] ThirdParty:1030 - CMSIS Pack Vendor :STMicroelectronics LIBJPEG 8.0.0
2023-10-04 16:22:41,940 [INFO] ThirdParty:1030 - CMSIS Pack Vendor :STMicroelectronics X-CUBE-SMBUS 2.1.0
2023-10-04 16:22:41,940 [INFO] ThirdParty:1030 - CMSIS Pack Vendor :STMicroelectronics USB_DEVICE 3.0.0
2023-10-04 16:22:41,940 [INFO] ThirdParty:1030 - CMSIS Pack Vendor :STMicroelectronics X-CUBE-AI 8.0.0
2023-10-04 16:22:41,940 [INFO] ThirdParty:1030 - CMSIS Pack Vendor :STMicroelectronics X-CUBE-AZRTOS-WB 2.0.0
2023-10-04 16:22:41,940 [INFO] ThirdParty:1030 - CMSIS Pack Vendor :STMicroelectronics X-CUBE-FREERTOS 1.0.0
2023-10-04 16:22:41,940 [INFO] ThirdParty:1030 - CMSIS Pack Vendor :STMicroelectronics X-CUBE-FREERTOS 1.0.1
2023-10-04 16:22:41,940 [INFO] ThirdParty:1030 - CMSIS Pack Vendor :STMicroelectronics X-CUBE-TOUCHGFX 4.21.1
2023-10-04 16:22:41,940 [INFO] ThirdParty:1030 - CMSIS Pack Vendor :STMicroelectronics X-CUBE-TOUCHGFX 4.21.0
2023-10-04 16:22:41,940 [INFO] ThirdParty:1030 - CMSIS Pack Vendor :STMicroelectronics X-CUBE-TOUCHGFX 4.21.3
2023-10-04 16:22:41,940 [INFO] ThirdParty:1030 - CMSIS Pack Vendor :STMicroelectronics X-CUBE-BLEMGR 1.2.0
2023-10-04 16:22:41,940 [INFO] ThirdParty:1030 - CMSIS Pack Vendor :STMicroelectronics X-CUBE-AZRTOS-F7 1.1.0
2023-10-04 16:22:41,940 [INFO] ThirdParty:1030 - CMSIS Pack Vendor :STMicroelectronics X-CUBE-AZRTOS-L5 2.0.0
2023-10-04 16:22:41,940 [INFO] ThirdParty:1030 - CMSIS Pack Vendor :STMicroelectronics X-CUBE-MEMS1 9.4.0
2023-10-04 16:22:41,940 [INFO] ThirdParty:1030 - CMSIS Pack Vendor :STMicroelectronics USB_DEVICE 2.0.0
2023-10-04 16:22:41,941 [INFO] ThirdParty:1030 - CMSIS Pack Vendor :STMicroelectronics X-CUBE-AI 7.3.0
2023-10-04 16:22:41,941 [INFO] ThirdParty:1030 - CMSIS Pack Vendor :STMicroelectronics X-CUBE-MEMS1 9.6.0
2023-10-04 16:22:41,941 [INFO] ThirdParty:1030 - CMSIS Pack Vendor :ITTIA_DB I-CUBE-ITTIADB 8.8.0
2023-10-04 16:22:41,941 [INFO] ThirdParty:1030 - CMSIS Pack Vendor :STMicroelectronics FP-SNS-MOTENV1 4.3.2
2023-10-04 16:22:41,942 [INFO] ThirdParty:1030 - CMSIS Pack Vendor :STMicroelectronics FP-SNS-FLIGHT1 5.0.1
2023-10-04 16:22:41,942 [INFO] ThirdParty:1030 - CMSIS Pack Vendor :STMicroelectronics X-CUBE-BLE1 6.2.3
2023-10-04 16:22:41,942 [INFO] ThirdParty:1030 - CMSIS Pack Vendor :STMicroelectronics X-CUBE-ALGOBUILD 1.3.0
2023-10-04 16:22:41,942 [INFO] ThirdParty:1030 - CMSIS Pack Vendor :STMicroelectronics X-CUBE-BLE1 6.2.4
2023-10-04 16:22:41,942 [INFO] ThirdParty:1030 - CMSIS Pack Vendor :STMicroelectronics X-CUBE-AZRTOS-L5 1.1.0
2023-10-04 16:22:41,942 [INFO] ThirdParty:1030 - CMSIS Pack Vendor :STMicroelectronics FreeRTOS 0.0.1
2023-10-04 16:22:41,942 [INFO] ThirdParty:1030 - CMSIS Pack Vendor :STMicroelectronics X-CUBE-AZRTOS-G0 1.1.0
2023-10-04 16:22:41,942 [INFO] ThirdParty:1030 - CMSIS Pack Vendor :STMicroelectronics X-CUBE-BLEMGR 2.0.0
2023-10-04 16:22:41,943 [INFO] ThirdParty:1030 - CMSIS Pack Vendor :STMicroelectronics X-CUBE-AI 8.0.1
2023-10-04 16:22:41,943 [INFO] ThirdParty:1030 - CMSIS Pack Vendor :STMicroelectronics X-CUBE-NFC4 3.0.0
2023-10-04 16:22:41,943 [INFO] ThirdParty:1030 - CMSIS Pack Vendor :STMicroelectronics X-CUBE-SUBG2 5.0.0
2023-10-04 16:22:41,943 [INFO] ThirdParty:1030 - CMSIS Pack Vendor :STMicroelectronics STM32_WPAN 1.0.0
2023-10-04 16:22:41,943 [INFO] ThirdParty:1030 - CMSIS Pack Vendor :SEGGER I-CUBE-embOS 1.2.1
2023-10-04 16:22:41,943 [INFO] ThirdParty:1030 - CMSIS Pack Vendor :STMicroelectronics lwIP 2.0.3
2023-10-04 16:22:41,943 [INFO] ThirdParty:1030 - CMSIS Pack Vendor :STMicroelectronics FP-SNS-FLIGHT1 5.0.2
2023-10-04 16:22:41,943 [INFO] ThirdParty:1030 - CMSIS Pack Vendor :STMicroelectronics X-CUBE-NFC4 2.0.5
2023-10-04 16:22:41,943 [INFO] ThirdParty:1030 - CMSIS Pack Vendor :STMicroelectronics X-CUBE-NFC4 2.0.4
2023-10-04 16:22:41,944 [INFO] ThirdParty:1030 - CMSIS Pack Vendor :STMicroelectronics USB_HOST 1.0.0
2023-10-04 16:22:41,944 [INFO] ThirdParty:1030 - CMSIS Pack Vendor :STMicroelectronics X-CUBE-TOF1 3.3.1
2023-10-04 16:22:41,944 [INFO] ThirdParty:1030 - CMSIS Pack Vendor :STMicroelectronics X-CUBE-AZRTOS-G4 2.0.0
2023-10-04 16:22:41,944 [INFO] ThirdParty:1030 - CMSIS Pack Vendor :STMicroelectronics PDM2PCM 3.1.0
2023-10-04 16:22:41,944 [INFO] ThirdParty:1030 - CMSIS Pack Vendor :STMicroelectronics X-CUBE-AZRTOS-H7 3.1.0
2023-10-04 16:22:41,944 [INFO] ThirdParty:1030 - CMSIS Pack Vendor :STMicroelectronics X-CUBE-TOF1 3.3.0
2023-10-04 16:22:41,944 [INFO] ThirdParty:1030 - CMSIS Pack Vendor :STMicroelectronics FP-ATR-ASTRA1 1.1.1
2023-10-04 16:22:41,944 [INFO] ThirdParty:1030 - CMSIS Pack Vendor :STMicroelectronics PDM2PCM 3.3.0
2023-10-04 16:22:41,944 [INFO] ThirdParty:1030 - CMSIS Pack Vendor :STMicroelectronics X-CUBE-DISPLAY 3.0.0
2023-10-04 16:22:41,944 [INFO] ThirdParty:1030 - CMSIS Pack Vendor :STMicroelectronics X-CUBE-BLEMGR 1.3.0
2023-10-04 16:22:41,944 [INFO] ThirdParty:1030 - CMSIS Pack Vendor :STMicroelectronics X-CUBE-BLE1 7.0.0
2023-10-04 16:22:41,944 [INFO] ThirdParty:1030 - CMSIS Pack Vendor :STMicroelectronics FP-ATR-SIGFOX1 3.2.0
2023-10-04 16:22:41,944 [INFO] ThirdParty:1030 - CMSIS Pack Vendor :STMicroelectronics X-CUBE-AZRTOS-G4 1.0.0
2023-10-04 16:22:41,944 [INFO] ThirdParty:1030 - CMSIS Pack Vendor :STMicroelectronics X-CUBE-AZRTOS-L4 1.0.0
2023-10-04 16:22:41,944 [INFO] ThirdParty:1030 - CMSIS Pack Vendor :wolfSSL I-CUBE-wolfSSL 5.5.1
2023-10-04 16:22:41,944 [INFO] ThirdParty:1030 - CMSIS Pack Vendor :STMicroelectronics HAL Drivers 0.0.0
2023-10-04 16:22:41,944 [INFO] ThirdParty:1030 - CMSIS Pack Vendor :STMicroelectronics MBEDTLS 2.16.2
2023-10-04 16:22:41,944 [INFO] ThirdParty:1030 - CMSIS Pack Vendor :emotas I-CUBE-CANOPEN 1.1.2
2023-10-04 16:22:41,944 [INFO] ThirdParty:1030 - CMSIS Pack Vendor :STMicroelectronics X-CUBE-TOUCHGFX 4.20.0
2023-10-04 16:22:41,944 [INFO] ThirdParty:1030 - CMSIS Pack Vendor :STMicroelectronics X-CUBE-FREERTOS 1.1.0
2023-10-04 16:22:41,944 [INFO] ThirdParty:1030 - CMSIS Pack Vendor :STMicroelectronics X-CUBE-TOUCHGFX 4.22.0
2023-10-04 16:22:41,944 [INFO] ThirdParty:1030 - CMSIS Pack Vendor :STMicroelectronics X-CUBE-NFC7 1.0.1
2023-10-04 16:22:41,944 [INFO] ThirdParty:1030 - CMSIS Pack Vendor :STMicroelectronics MBEDTLS 2.14.1
2023-10-04 16:22:41,944 [INFO] ThirdParty:1030 - CMSIS Pack Vendor :STMicroelectronics X-CUBE-NFC7 1.0.0
2023-10-04 16:22:41,944 [INFO] ThirdParty:1030 - CMSIS Pack Vendor :STMicroelectronics X-CUBE-TOUCHGFX 4.22.1
2023-10-04 16:22:41,944 [INFO] ThirdParty:1030 - CMSIS Pack Vendor :STMicroelectronics X-CUBE-AZRTOS-WL 1.0.0
2023-10-04 16:22:41,945 [INFO] ThirdParty:1030 - CMSIS Pack Vendor :STMicroelectronics X-CUBE-NFC6 3.0.0
2023-10-04 16:22:41,945 [INFO] ThirdParty:1030 - CMSIS Pack Vendor :STMicroelectronics X-CUBE-MEMS1 9.3.0
2023-10-04 16:22:41,945 [INFO] ThirdParty:1030 - CMSIS Pack Vendor :STMicroelectronics X-CUBE-EEPRMA1 4.1.0
2023-10-04 16:22:41,945 [INFO] ThirdParty:1030 - CMSIS Pack Vendor :portGmbH I-Cube-SoM-uGOAL 1.1.0
2023-10-04 16:22:41,945 [INFO] ThirdParty:1030 - CMSIS Pack Vendor :STMicroelectronics X-CUBE-ALS 1.0.1
2023-10-04 16:22:41,945 [INFO] ThirdParty:1030 - CMSIS Pack Vendor :STMicroelectronics X-CUBE-MEMS1 9.5.0
2023-10-04 16:22:41,945 [INFO] ThirdParty:1030 - CMSIS Pack Vendor :STMicroelectronics ThreadX 1.0.0
2023-10-04 16:22:41,946 [INFO] ThirdParty:1030 - CMSIS Pack Vendor :STMicroelectronics FP-SNS-SMARTAG2 1.2.0
2023-10-04 16:22:41,946 [INFO] ThirdParty:1030 - CMSIS Pack Vendor :STMicroelectronics X-CUBE-AZRTOS-WB 1.1.0
2023-10-04 16:22:41,946 [INFO] ThirdParty:1030 - CMSIS Pack Vendor :STMicroelectronics X-CUBE-AZRTOS-WL 2.0.0
2023-10-04 16:22:41,946 [INFO] ThirdParty:1030 - CMSIS Pack Vendor :SEGGER I-CUBE-embOS 1.3.1
2023-10-04 16:22:41,946 [INFO] ThirdParty:1030 - CMSIS Pack Vendor :STMicroelectronics X-CUBE-AZRTOS-L5 1.0.0
2023-10-04 16:22:41,947 [INFO] ThirdParty:1030 - CMSIS Pack Vendor :STMicroelectronics USB_DEVICE 1.0.0
2023-10-04 16:22:41,947 [INFO] ThirdParty:1030 - CMSIS Pack Vendor :STMicroelectronics X-CUBE-AI 8.1.0
2023-10-04 16:22:41,947 [INFO] ThirdParty:1030 - CMSIS Pack Vendor :STMicroelectronics X-CUBE-EEPRMA1 3.1.1
2023-10-04 16:22:41,947 [INFO] ThirdParty:1030 - CMSIS Pack Vendor :STMicroelectronics X-CUBE-AZRTOS-L4 2.0.0
2023-10-04 16:22:41,947 [INFO] ThirdParty:1030 - CMSIS Pack Vendor :STMicroelectronics ThreadX 0.0.2
2023-10-04 16:22:41,948 [INFO] ThirdParty:1030 - CMSIS Pack Vendor :WES I-CUBE-Cesium 1.3.0
2023-10-04 16:22:41,948 [INFO] ThirdParty:1030 - CMSIS Pack Vendor :STMicroelectronics FP-ATR-ASTRA1 2.0.0
2023-10-04 16:22:41,948 [INFO] ThirdParty:1030 - CMSIS Pack Vendor :STMicroelectronics lwIP 2.1.2
2023-10-04 16:22:41,948 [INFO] ThirdParty:1030 - CMSIS Pack Vendor :STMicroelectronics X-CUBE-SFXS2LP1 4.0.0
2023-10-04 16:22:41,948 [INFO] ThirdParty:1030 - CMSIS Pack Vendor :STMicroelectronics X-CUBE-BLE2 3.3.0
2023-10-04 16:22:41,948 [INFO] ThirdParty:1030 - CMSIS Pack Vendor :STMicroelectronics X-CUBE-DISPLAY 2.2.0
2023-10-04 16:22:41,948 [INFO] ThirdParty:1030 - CMSIS Pack Vendor :STMicroelectronics X-CUBE-TOF1 3.2.0
2023-10-04 16:22:41,948 [INFO] ThirdParty:1030 - CMSIS Pack Vendor :STMicroelectronics PDM2PCM 3.2.0
2023-10-04 16:22:41,948 [INFO] ThirdParty:1030 - CMSIS Pack Vendor :STMicroelectronics X-CUBE-AZRTOS-H7 3.0.0
2023-10-04 16:22:41,948 [INFO] ThirdParty:1030 - CMSIS Pack Vendor :STMicroelectronics X-CUBE-ISPU 1.0.0
2023-10-04 16:22:41,949 [INFO] ThirdParty:841 - exiting critical section [change project]
2023-10-04 16:22:42,142 [INFO] PinOutPanel:1499 - setPackage(No Configuration,No Configuration)
2023-10-04 16:22:42,143 [INFO] PinOutPanel:1499 - setPackage(STM32G431KBTx,LQFP32)
2023-10-04 16:22:42,342 [INFO] UtilMem:75 - Before build in PCC Used Memory: 571127576 Bytes (999292928)
2023-10-04 16:22:42,668 [INFO] UtilMem:75 - After build in PCC Used Memory: 660778776 Bytes (999292928)
2023-10-04 16:22:42,692 [INFO] IPUIPlugin:80 - create IPUIPlugin
2023-10-04 16:22:42,693 [INFO] IPUIPlugin:80 - create IPUIPlugin
2023-10-04 16:22:42,693 [INFO] IPUIPlugin:80 - create IPUIPlugin
2023-10-04 16:22:42,693 [INFO] IPUIPlugin:80 - create IPUIPlugin
2023-10-04 16:22:42,693 [INFO] IPUIPlugin:80 - create IPUIPlugin
2023-10-04 16:22:42,693 [INFO] IPUIPlugin:80 - create IPUIPlugin
2023-10-04 16:22:42,693 [INFO] IPUIPlugin:80 - create IPUIPlugin
2023-10-04 16:22:42,693 [INFO] IPUIPlugin:80 - create IPUIPlugin
2023-10-04 16:22:42,693 [INFO] IPUIPlugin:80 - create IPUIPlugin
2023-10-04 16:22:42,693 [INFO] IPUIPlugin:80 - create IPUIPlugin
2023-10-04 16:22:42,693 [INFO] IPUIPlugin:80 - create IPUIPlugin
2023-10-04 16:22:42,693 [INFO] IPUIPlugin:80 - create IPUIPlugin
2023-10-04 16:22:42,693 [INFO] IPUIPlugin:80 - create IPUIPlugin
2023-10-04 16:22:42,693 [INFO] IPUIPlugin:80 - create IPUIPlugin
2023-10-04 16:22:42,694 [INFO] IPUIPlugin:80 - create IPUIPlugin
2023-10-04 16:22:42,694 [INFO] IPUIPlugin:80 - create IPUIPlugin
2023-10-04 16:22:42,694 [INFO] IPUIPlugin:80 - create IPUIPlugin
2023-10-04 16:22:42,694 [INFO] IPUIPlugin:80 - create IPUIPlugin
2023-10-04 16:22:42,694 [INFO] IPUIPlugin:80 - create IPUIPlugin
2023-10-04 16:22:42,694 [INFO] IPUIPlugin:80 - create IPUIPlugin
2023-10-04 16:22:42,694 [INFO] IPUIPlugin:80 - create IPUIPlugin
2023-10-04 16:22:42,694 [INFO] IPUIPlugin:80 - create IPUIPlugin
2023-10-04 16:22:42,694 [INFO] IPUIPlugin:80 - create IPUIPlugin
2023-10-04 16:22:42,694 [INFO] IPUIPlugin:80 - create IPUIPlugin
2023-10-04 16:22:42,695 [INFO] IPUIPlugin:80 - create IPUIPlugin
2023-10-04 16:22:42,695 [INFO] IPUIPlugin:80 - create IPUIPlugin
2023-10-04 16:22:42,695 [INFO] IPUIPlugin:80 - create IPUIPlugin
2023-10-04 16:22:42,695 [INFO] IPUIPlugin:80 - create IPUIPlugin
2023-10-04 16:22:42,695 [INFO] IPUIPlugin:80 - create IPUIPlugin
2023-10-04 16:22:42,695 [INFO] IPUIPlugin:80 - create IPUIPlugin
2023-10-04 16:22:42,695 [INFO] IPUIPlugin:80 - create IPUIPlugin
2023-10-04 16:22:42,696 [INFO] IPUIPlugin:80 - create IPUIPlugin
2023-10-04 16:22:42,696 [INFO] IPUIPlugin:80 - create IPUIPlugin
2023-10-04 16:22:42,696 [INFO] IPUIPlugin:80 - create IPUIPlugin
2023-10-04 16:22:42,696 [INFO] IPUIPlugin:80 - create IPUIPlugin
2023-10-04 16:22:42,696 [INFO] IPUIPlugin:80 - create IPUIPlugin
2023-10-04 16:22:42,696 [INFO] IPUIPlugin:80 - create IPUIPlugin
2023-10-04 16:22:42,697 [INFO] IPUIPlugin:80 - create IPUIPlugin
2023-10-04 16:22:42,697 [INFO] IPUIPlugin:80 - create IPUIPlugin
2023-10-04 16:22:42,697 [INFO] IPUIPlugin:80 - create IPUIPlugin
2023-10-04 16:22:42,698 [INFO] IPUIPlugin:80 - create IPUIPlugin
2023-10-04 16:22:42,698 [INFO] IPUIPlugin:80 - create IPUIPlugin
2023-10-04 16:22:42,698 [INFO] IPUIPlugin:80 - create IPUIPlugin
2023-10-04 16:22:42,698 [INFO] IPUIPlugin:80 - create IPUIPlugin
2023-10-04 16:22:42,699 [INFO] IPUIPlugin:80 - create IPUIPlugin
2023-10-04 16:22:42,699 [INFO] IPUIPlugin:80 - create IPUIPlugin
2023-10-04 16:22:42,699 [INFO] IPUIPlugin:80 - create IPUIPlugin
2023-10-04 16:22:42,700 [INFO] IPUIPlugin:80 - create IPUIPlugin
2023-10-04 16:22:42,700 [INFO] IPUIPlugin:80 - create IPUIPlugin
2023-10-04 16:22:42,700 [INFO] IPUIPlugin:80 - create IPUIPlugin
2023-10-04 16:22:42,701 [INFO] IPUIPlugin:80 - create IPUIPlugin
2023-10-04 16:22:42,701 [INFO] IPUIPlugin:80 - create IPUIPlugin
2023-10-04 16:22:42,702 [INFO] IPUIPlugin:80 - create IPUIPlugin
2023-10-04 16:22:42,702 [INFO] IPUIPlugin:80 - create IPUIPlugin
2023-10-04 16:22:42,703 [INFO] IPUIPlugin:80 - create IPUIPlugin
2023-10-04 16:22:42,703 [INFO] IPUIPlugin:80 - create IPUIPlugin
2023-10-04 16:22:42,768 [INFO] CADModel:165 - CPN selected for project levelSTM32G431KBT6
2023-10-04 16:22:42,768 [INFO] CADModel:114 - Register for checkConnection events
2023-10-04 16:22:42,825 [INFO] OpenFileManager:328 - Restore cursor
2023-10-04 16:22:47,387 [INFO] I2cTimingTraitement:330 - 0x00702991
2023-10-04 16:26:35,088 [INFO] NvicIntPanel:101 - NVIC parent = com.st.microxplorer.plugins.ip.nvic.MultiNvicIntPanel[,0,0,0x0,invalid,layout=javax.swing.BoxLayout,alignmentX=0.0,alignmentY=0.0,border=,flags=9,maximumSize=,minimumSize=,preferredSize=]
2023-10-04 16:27:05,879 [INFO] UtilMem:75 - End SaveConfig() Used Memory: 701816936 Bytes (999292928)
2023-10-04 16:27:07,284 [INFO] UtilMem:75 - End SaveConfig() Used Memory: 719116392 Bytes (999292928)
2023-10-04 16:27:08,794 [INFO] UtilMem:75 - End SaveConfig() Used Memory: 770496616 Bytes (999292928)
2023-10-04 16:27:09,282 [INFO] BlockDiagram:2759 - set Specific Code input for plugin: TIM1_8G4
2023-10-04 16:27:09,282 [INFO] BlockDiagram:2759 - set Specific Code input for plugin: TIM1_8G4
2023-10-04 16:27:09,283 [INFO] BlockDiagram:2759 - set Specific Code input for plugin: TIM1_8G4
2023-10-04 16:27:09,283 [INFO] BlockDiagram:2759 - set Specific Code input for plugin: SYS
2023-10-04 16:27:09,283 [INFO] BlockDiagram:2759 - set Specific Code input for plugin: RCC
2023-10-04 16:27:09,283 [INFO] BlockDiagram:2759 - set Specific Code input for plugin: I2C
2023-10-04 16:27:09,283 [INFO] BlockDiagram:2759 - set Specific Code input for plugin: NVIC
2023-10-04 16:27:09,283 [INFO] BlockDiagram:2759 - set Specific Code input for plugin: USART
2023-10-04 16:27:09,283 [INFO] BlockDiagram:2759 - set Specific Code input for plugin: TIM1_8G4
2023-10-04 16:27:09,283 [INFO] BlockDiagram:2759 - set Specific Code input for plugin: TIM1_8G4
2023-10-04 16:27:09,283 [INFO] BlockDiagram:2759 - set Specific Code input for plugin: GPIO
2023-10-04 16:27:09,285 [INFO] CodeGenerator:799 - code generatio: config db path: C:\mechatronics\STM32CubeIDE_1.10.1\STM32CubeIDE\plugins\com.st.stm32cube.common.mx_6.9.2.202309101412\\db\
2023-10-04 16:27:09,727 [INFO] CodeEngine:255 - oldGeneratedFile, C:\data\Tsemi\2023\InvertedPendulum\Yoshi_InvertedPendulum\Firmware\test\MXTmpFiles\license.tmp_save
2023-10-04 16:27:10,138 [INFO] CodeEngine:279 - Generated code: C:\data\Tsemi\2023\InvertedPendulum\Yoshi_InvertedPendulum\Firmware\test\MXTmpFiles\license.tmp
2023-10-04 16:27:10,321 [INFO] CodeEngine:255 - oldGeneratedFile, C:\data\Tsemi\2023\InvertedPendulum\Yoshi_InvertedPendulum\Firmware\test\MXTmpFiles\gpio.tmp_save
2023-10-04 16:27:10,555 [INFO] CodeEngine:279 - Generated code: C:\data\Tsemi\2023\InvertedPendulum\Yoshi_InvertedPendulum\Firmware\test\MXTmpFiles\gpio.tmp
2023-10-04 16:27:11,335 [INFO] CodeEngine:255 - oldGeneratedFile, C:\data\Tsemi\2023\InvertedPendulum\Yoshi_InvertedPendulum\Firmware\test\Core\Src\stm32g4xx_it.c_save
2023-10-04 16:27:11,518 [INFO] CodeEngine:279 - Generated code: C:\data\Tsemi\2023\InvertedPendulum\Yoshi_InvertedPendulum\Firmware\test\Core\Src\stm32g4xx_it.c
2023-10-04 16:27:11,532 [INFO] CodeEngine:255 - oldGeneratedFile, C:\data\Tsemi\2023\InvertedPendulum\Yoshi_InvertedPendulum\Firmware\test\Core\Inc\stm32g4xx_it.h_save
2023-10-04 16:27:11,622 [INFO] CodeEngine:279 - Generated code: C:\data\Tsemi\2023\InvertedPendulum\Yoshi_InvertedPendulum\Firmware\test\Core\Inc\stm32g4xx_it.h
2023-10-04 16:27:11,667 [INFO] CodeEngine:255 - oldGeneratedFile, C:\data\Tsemi\2023\InvertedPendulum\Yoshi_InvertedPendulum\Firmware\test\Core\Src\stm32g4xx_hal_msp.c_save
2023-10-04 16:27:11,854 [INFO] CodeEngine:279 - Generated code: C:\data\Tsemi\2023\InvertedPendulum\Yoshi_InvertedPendulum\Firmware\test\Core\Src\stm32g4xx_hal_msp.c
2023-10-04 16:27:11,866 [INFO] CodeEngine:255 - oldGeneratedFile, C:\data\Tsemi\2023\InvertedPendulum\Yoshi_InvertedPendulum\Firmware\test\MXTmpFiles\system.tmp_save
2023-10-04 16:27:11,950 [INFO] CodeEngine:279 - Generated code: C:\data\Tsemi\2023\InvertedPendulum\Yoshi_InvertedPendulum\Firmware\test\MXTmpFiles\system.tmp
2023-10-04 16:27:11,991 [INFO] CodeEngine:311 - oldGeneratedFile, C:\data\Tsemi\2023\InvertedPendulum\Yoshi_InvertedPendulum\Firmware\test\Core\Inc\stm32g4xx_hal_conf.h_save
2023-10-04 16:27:12,263 [INFO] CodeEngine:335 - Generated code: C:\data\Tsemi\2023\InvertedPendulum\Yoshi_InvertedPendulum\Firmware\test\Core\Inc\stm32g4xx_hal_conf.h
2023-10-04 16:27:12,311 [WARN] IPConfigManager:2937 - Warning: the RefConfig RCC_CommonPeriphClockConfig is not available in your config.xml file
2023-10-04 16:27:12,323 [WARN] IPConfigManager:3431 - IP not found : TIM
2023-10-04 16:27:12,325 [WARN] CodeGenerator:3764 - IP not found : null
2023-10-04 16:27:12,369 [INFO] CodeEngine:255 - oldGeneratedFile, C:\data\Tsemi\2023\InvertedPendulum\Yoshi_InvertedPendulum\Firmware\test\Core\Inc\main.h_save
2023-10-04 16:27:12,604 [INFO] CodeEngine:279 - Generated code: C:\data\Tsemi\2023\InvertedPendulum\Yoshi_InvertedPendulum\Firmware\test\Core\Inc\main.h
2023-10-04 16:27:12,659 [INFO] CodeEngine:255 - oldGeneratedFile, C:\data\Tsemi\2023\InvertedPendulum\Yoshi_InvertedPendulum\Firmware\test\Core\Src\main.c_save
2023-10-04 16:27:12,916 [INFO] CodeEngine:279 - Generated code: C:\data\Tsemi\2023\InvertedPendulum\Yoshi_InvertedPendulum\Firmware\test\Core\Src\main.c
2023-10-04 16:27:13,577 [INFO] ProjectBuilder:3064 - Time for Copy HAL[1] : 204mS.
2023-10-04 16:27:13,585 [INFO] ProjectBuilder:4404 - Project Generator version: 4.1.0
2023-10-04 16:27:13,800 [INFO] ConfigFileManager:1457 - The Die is : DIE468
2023-10-04 16:27:13,838 [INFO] ApiDbMcu:507 - Load IP Config File for FATFS
2023-10-04 16:27:13,855 [INFO] ApiDbMcu:507 - Load IP Config File for FREERTOS
2023-10-04 16:27:13,870 [INFO] ApiDbMcu:507 - Load IP Config File for USBPD
2023-10-04 16:27:13,888 [INFO] ApiDbMcu:507 - Load IP Config File for USB_Device
2023-10-04 16:27:15,051 [INFO] LogOutputStream:77 - [STDOUT_REDIRECT] 
2023-10-04 16:27:16,596 [INFO] ProjectBuilder:4626 - Time for Generating toolchain IDE Files: 3010mS.
2023-10-04 16:27:16,597 [INFO] ProjectBuilder:2935 - Time for Copy CMSIS : 1mS.
2023-10-04 16:27:16,599 [INFO] ProjectBuilder:2935 - Time for Copy CMSIS : 0mS.
2023-10-04 16:28:58,835 [INFO] NvicIntPanel:101 - NVIC parent = com.st.microxplorer.plugins.ip.nvic.MultiNvicIntPanel[,0,0,0x0,invalid,layout=javax.swing.BoxLayout,alignmentX=0.0,alignmentY=0.0,border=,flags=9,maximumSize=,minimumSize=,preferredSize=]
2023-10-04 16:29:44,134 [INFO] UtilMem:75 - End SaveConfig() Used Memory: 503971200 Bytes (1073741824)
2023-10-04 16:29:45,472 [INFO] UtilMem:75 - End SaveConfig() Used Memory: 521274752 Bytes (1073741824)
2023-10-04 16:29:46,644 [INFO] UtilMem:75 - End SaveConfig() Used Memory: 571606400 Bytes (1073741824)
2023-10-04 16:29:46,919 [INFO] BlockDiagram:2759 - set Specific Code input for plugin: TIM1_8G4
2023-10-04 16:29:46,920 [INFO] BlockDiagram:2759 - set Specific Code input for plugin: TIM1_8G4
2023-10-04 16:29:46,920 [INFO] BlockDiagram:2759 - set Specific Code input for plugin: TIM1_8G4
2023-10-04 16:29:46,920 [INFO] BlockDiagram:2759 - set Specific Code input for plugin: SYS
2023-10-04 16:29:46,920 [INFO] BlockDiagram:2759 - set Specific Code input for plugin: RCC
2023-10-04 16:29:46,920 [INFO] BlockDiagram:2759 - set Specific Code input for plugin: I2C
2023-10-04 16:29:46,920 [INFO] BlockDiagram:2759 - set Specific Code input for plugin: NVIC
2023-10-04 16:29:46,920 [INFO] BlockDiagram:2759 - set Specific Code input for plugin: USART
2023-10-04 16:29:46,920 [INFO] BlockDiagram:2759 - set Specific Code input for plugin: TIM1_8G4
2023-10-04 16:29:46,920 [INFO] BlockDiagram:2759 - set Specific Code input for plugin: TIM1_8G4
2023-10-04 16:29:46,920 [INFO] BlockDiagram:2759 - set Specific Code input for plugin: GPIO
2023-10-04 16:29:46,921 [INFO] CodeGenerator:799 - code generatio: config db path: C:\mechatronics\STM32CubeIDE_1.10.1\STM32CubeIDE\plugins\com.st.stm32cube.common.mx_6.9.2.202309101412\\db\
2023-10-04 16:29:47,190 [INFO] CodeEngine:255 - oldGeneratedFile, C:\data\Tsemi\2023\InvertedPendulum\Yoshi_InvertedPendulum\Firmware\test\MXTmpFiles\license.tmp_save
2023-10-04 16:29:47,401 [INFO] CodeEngine:279 - Generated code: C:\data\Tsemi\2023\InvertedPendulum\Yoshi_InvertedPendulum\Firmware\test\MXTmpFiles\license.tmp
2023-10-04 16:29:47,445 [INFO] CodeEngine:255 - oldGeneratedFile, C:\data\Tsemi\2023\InvertedPendulum\Yoshi_InvertedPendulum\Firmware\test\MXTmpFiles\gpio.tmp_save
2023-10-04 16:29:47,586 [INFO] CodeEngine:279 - Generated code: C:\data\Tsemi\2023\InvertedPendulum\Yoshi_InvertedPendulum\Firmware\test\MXTmpFiles\gpio.tmp
2023-10-04 16:29:48,112 [INFO] CodeEngine:255 - oldGeneratedFile, C:\data\Tsemi\2023\InvertedPendulum\Yoshi_InvertedPendulum\Firmware\test\Core\Src\stm32g4xx_it.c_save
2023-10-04 16:29:48,240 [INFO] CodeEngine:279 - Generated code: C:\data\Tsemi\2023\InvertedPendulum\Yoshi_InvertedPendulum\Firmware\test\Core\Src\stm32g4xx_it.c
2023-10-04 16:29:48,248 [INFO] CodeEngine:255 - oldGeneratedFile, C:\data\Tsemi\2023\InvertedPendulum\Yoshi_InvertedPendulum\Firmware\test\Core\Inc\stm32g4xx_it.h_save
2023-10-04 16:29:48,327 [INFO] CodeEngine:279 - Generated code: C:\data\Tsemi\2023\InvertedPendulum\Yoshi_InvertedPendulum\Firmware\test\Core\Inc\stm32g4xx_it.h
2023-10-04 16:29:48,356 [INFO] CodeEngine:255 - oldGeneratedFile, C:\data\Tsemi\2023\InvertedPendulum\Yoshi_InvertedPendulum\Firmware\test\Core\Src\stm32g4xx_hal_msp.c_save
2023-10-04 16:29:48,556 [INFO] CodeEngine:279 - Generated code: C:\data\Tsemi\2023\InvertedPendulum\Yoshi_InvertedPendulum\Firmware\test\Core\Src\stm32g4xx_hal_msp.c
2023-10-04 16:29:48,561 [INFO] CodeEngine:255 - oldGeneratedFile, C:\data\Tsemi\2023\InvertedPendulum\Yoshi_InvertedPendulum\Firmware\test\MXTmpFiles\system.tmp_save
2023-10-04 16:29:48,632 [INFO] CodeEngine:279 - Generated code: C:\data\Tsemi\2023\InvertedPendulum\Yoshi_InvertedPendulum\Firmware\test\MXTmpFiles\system.tmp
2023-10-04 16:29:48,671 [INFO] CodeEngine:311 - oldGeneratedFile, C:\data\Tsemi\2023\InvertedPendulum\Yoshi_InvertedPendulum\Firmware\test\Core\Inc\stm32g4xx_hal_conf.h_save
2023-10-04 16:29:48,918 [INFO] CodeEngine:335 - Generated code: C:\data\Tsemi\2023\InvertedPendulum\Yoshi_InvertedPendulum\Firmware\test\Core\Inc\stm32g4xx_hal_conf.h
2023-10-04 16:29:49,002 [WARN] IPConfigManager:2937 - Warning: the RefConfig RCC_CommonPeriphClockConfig is not available in your config.xml file
2023-10-04 16:29:49,006 [WARN] IPConfigManager:3431 - IP not found : TIM
2023-10-04 16:29:49,008 [WARN] CodeGenerator:3764 - IP not found : null
2023-10-04 16:29:49,037 [INFO] CodeEngine:255 - oldGeneratedFile, C:\data\Tsemi\2023\InvertedPendulum\Yoshi_InvertedPendulum\Firmware\test\Core\Inc\main.h_save
2023-10-04 16:29:49,256 [INFO] CodeEngine:279 - Generated code: C:\data\Tsemi\2023\InvertedPendulum\Yoshi_InvertedPendulum\Firmware\test\Core\Inc\main.h
2023-10-04 16:29:49,313 [INFO] CodeEngine:255 - oldGeneratedFile, C:\data\Tsemi\2023\InvertedPendulum\Yoshi_InvertedPendulum\Firmware\test\Core\Src\main.c_save
2023-10-04 16:29:49,589 [INFO] CodeEngine:279 - Generated code: C:\data\Tsemi\2023\InvertedPendulum\Yoshi_InvertedPendulum\Firmware\test\Core\Src\main.c
2023-10-04 16:29:50,262 [INFO] ProjectBuilder:3064 - Time for Copy HAL[1] : 160mS.
2023-10-04 16:29:50,265 [INFO] ProjectBuilder:4404 - Project Generator version: 4.1.0
2023-10-04 16:29:50,480 [INFO] ConfigFileManager:1457 - The Die is : DIE468
2023-10-04 16:29:52,056 [INFO] ProjectBuilder:4626 - Time for Generating toolchain IDE Files: 1790mS.
2023-10-04 16:29:52,057 [INFO] ProjectBuilder:2935 - Time for Copy CMSIS : 1mS.
2023-10-04 16:29:52,060 [INFO] ProjectBuilder:2935 - Time for Copy CMSIS : 0mS.
2023-10-04 16:38:49,405 [INFO] WebApp:330 - JxBrowser engine has been closed 
2023-10-04 16:38:49,628 [ERROR] LogOutputStream:75 - [STDERR_REDIRECT] 
