2023-10-06 12:52:19,256 [INFO] Activator:176 - 


2023-10-06 12:52:19,274 [INFO] Activator:177 - !SESSION log4j initialized
2023-10-06 12:52:34,820 [INFO] LogOutputStream:77 - [STDOUT_REDIRECT] 
2023-10-06 12:52:38,024 [INFO] ApplicationProperties:184 - Using Application install path: C:\mechatronics\STM32CubeIDE_1.10.1\STM32CubeIDE\plugins\com.st.stm32cube.common.mx_6.9.2.202309101412
2023-10-06 12:52:38,067 [INFO] DbMcusXml:78 - Set database path to: C:\mechatronics\STM32CubeIDE_1.10.1\STM32CubeIDE\plugins\com.st.stm32cube.common.mx_6.9.2.202309101412\\db\/mcu/
2023-10-06 12:52:38,068 [INFO] ApiDb:274 - Set plugin database path to: C:\mechatronics\STM32CubeIDE_1.10.1\STM32CubeIDE\plugins\com.st.stm32cube.common.mx_6.9.2.202309101412\\db\/plugins/boardmanager/
2023-10-06 12:52:38,069 [WARN] ApiDb:259 - Overriding images path with different value:  => C:\mechatronics\STM32CubeIDE_1.10.1\STM32CubeIDE\plugins\com.st.stm32cube.common.mx_6.9.2.202309101412\\db\/plugins/mcufinder/images/
2023-10-06 12:52:38,100 [INFO] ApiDb:250 - Set database path to: C:\Users\YYcri\.stmcufinder\plugins\mcufinder//mcu/
2023-10-06 12:52:38,103 [INFO] DbMcusAds:125 - Set database path to: C:\Users\YYcri\.stmcufinder\plugins\mcufinder//mcu/
2023-10-06 12:52:38,108 [INFO] CrossReferenceDbSqlite:203 - Set database path to: C:\Users\YYcri\.stmcufinder\plugins\mcufinder//mcu/cs/
2023-10-06 12:52:38,429 [INFO] RulesReader:64 - Compatibility file has been processed (293 Rules)
2023-10-06 12:52:38,630 [INFO] DbMcusXml:78 - Set database path to: C:\mechatronics\STM32CubeIDE_1.10.1\STM32CubeIDE\plugins\com.st.stm32cube.common.mx_6.9.2.202309101412\\db\/mcu/
2023-10-06 12:52:38,630 [INFO] ApiDb:274 - Set plugin database path to: C:\mechatronics\STM32CubeIDE_1.10.1\STM32CubeIDE\plugins\com.st.stm32cube.common.mx_6.9.2.202309101412\\db\/plugins/boardmanager/
2023-10-06 12:52:38,630 [INFO] ApiDb:261 - Set plugin images path to: C:\mechatronics\STM32CubeIDE_1.10.1\STM32CubeIDE\plugins\com.st.stm32cube.common.mx_6.9.2.202309101412\\db\/plugins/mcufinder/images/
2023-10-06 12:52:38,631 [WARN] DbFile:41 - Overriding database path with different value: C:\Users\YYcri\.stmcufinder\plugins\mcufinder/ => C:\Users\YYcri\.stmcufinder\plugins\mcufinder
2023-10-06 12:52:38,631 [INFO] ApiDb:250 - Set database path to: C:\Users\YYcri\.stmcufinder\plugins\mcufinder//mcu/
2023-10-06 12:52:38,631 [WARN] DbFile:41 - Overriding database path with different value: C:\Users\YYcri\.stmcufinder\plugins\mcufinder/ => C:\Users\YYcri\.stmcufinder\plugins\mcufinder
2023-10-06 12:52:38,631 [INFO] DbMcusAds:125 - Set database path to: C:\Users\YYcri\.stmcufinder\plugins\mcufinder//mcu/
2023-10-06 12:52:38,632 [WARN] DbFile:41 - Overriding database path with different value: C:\Users\YYcri\.stmcufinder\plugins\mcufinder/ => C:\Users\YYcri\.stmcufinder\plugins\mcufinder
2023-10-06 12:52:38,632 [WARN] DbFile:41 - Overriding database path with different value: C:\Users\YYcri\.stmcufinder\plugins\mcufinder/ => C:\Users\YYcri\.stmcufinder\plugins\mcufinder
2023-10-06 12:52:38,632 [INFO] CrossReferenceDbSqlite:203 - Set database path to: C:\Users\YYcri\.stmcufinder\plugins\mcufinder//mcu/cs/
2023-10-06 12:52:38,819 [INFO] MainPanel:262 - HeapMemory: 268435456
2023-10-06 12:52:39,011 [INFO] DbMcusXml:78 - Set database path to: C:\mechatronics\STM32CubeIDE_1.10.1\STM32CubeIDE\plugins\com.st.stm32cube.common.mx_6.9.2.202309101412\\db\/mcu/
2023-10-06 12:52:39,011 [INFO] ApiDb:274 - Set plugin database path to: C:\mechatronics\STM32CubeIDE_1.10.1\STM32CubeIDE\plugins\com.st.stm32cube.common.mx_6.9.2.202309101412\\db\/plugins/boardmanager/
2023-10-06 12:52:39,011 [INFO] ApiDb:261 - Set plugin images path to: C:\mechatronics\STM32CubeIDE_1.10.1\STM32CubeIDE\plugins\com.st.stm32cube.common.mx_6.9.2.202309101412\\db\/plugins/mcufinder/images/
2023-10-06 12:52:39,012 [WARN] DbFile:41 - Overriding database path with different value: C:\Users\YYcri\.stmcufinder\plugins\mcufinder/ => C:\Users\YYcri\.stmcufinder\plugins\mcufinder
2023-10-06 12:52:39,013 [INFO] ApiDb:250 - Set database path to: C:\Users\YYcri\.stmcufinder\plugins\mcufinder//mcu/
2023-10-06 12:52:39,013 [WARN] DbFile:41 - Overriding database path with different value: C:\Users\YYcri\.stmcufinder\plugins\mcufinder/ => C:\Users\YYcri\.stmcufinder\plugins\mcufinder
2023-10-06 12:52:39,013 [INFO] DbMcusAds:125 - Set database path to: C:\Users\YYcri\.stmcufinder\plugins\mcufinder//mcu/
2023-10-06 12:52:39,013 [WARN] DbFile:41 - Overriding database path with different value: C:\Users\YYcri\.stmcufinder\plugins\mcufinder/ => C:\Users\YYcri\.stmcufinder\plugins\mcufinder
2023-10-06 12:52:39,014 [WARN] DbFile:41 - Overriding database path with different value: C:\Users\YYcri\.stmcufinder\plugins\mcufinder/ => C:\Users\YYcri\.stmcufinder\plugins\mcufinder
2023-10-06 12:52:39,014 [INFO] CrossReferenceDbSqlite:203 - Set database path to: C:\Users\YYcri\.stmcufinder\plugins\mcufinder//mcu/cs/
2023-10-06 12:52:39,068 [INFO] ApplicationProperties:184 - Using Application install path: C:\mechatronics\STM32CubeIDE_1.10.1\STM32CubeIDE\plugins\com.st.stm32cube.common.mx_6.9.2.202309101412
2023-10-06 12:52:39,071 [INFO] PluginManage:196 - Search for loadable plugins [exclusion list=, ]
2023-10-06 12:52:39,074 [INFO] PluginManage:310 - Check plugin analytics
2023-10-06 12:52:39,484 [INFO] AnalyticsPlugin:253 - Accepted Software Licenses: 
2023-10-06 12:52:39,485 [INFO] AnalyticsPlugin:255 - Accepted CMSIS Pack Licenses: 
2023-10-06 12:52:39,485 [INFO] AnalyticsPlugin:257 - Accepted Firmware Licenses: 
2023-10-06 12:52:39,490 [INFO] PluginManage:359 - Loaded plugin analytics (category:tool,tabindex:-1)
2023-10-06 12:52:39,492 [INFO] PluginManage:310 - Check plugin cadmodel
2023-10-06 12:52:39,518 [INFO] CADModel:105 - Init CAD model plugin
2023-10-06 12:52:39,518 [INFO] PluginManage:359 - Loaded plugin cadmodel (category:power,tabindex:5)
2023-10-06 12:52:39,518 [INFO] PluginManage:310 - Check plugin clock
2023-10-06 12:52:39,560 [INFO] PluginManage:359 - Loaded plugin clock (category:base,tabindex:2)
2023-10-06 12:52:39,560 [INFO] PluginManage:310 - Check plugin ddr
2023-10-06 12:52:39,565 [INFO] PluginManage:359 - Loaded plugin ddr (category:tool,tabindex:6)
2023-10-06 12:52:39,565 [INFO] PluginManage:310 - Check plugin filemanager
2023-10-06 12:52:39,887 [INFO] PluginManage:359 - Loaded plugin filemanager (category:base,tabindex:10)
2023-10-06 12:52:39,887 [INFO] PluginManage:310 - Check plugin ipmanager
2023-10-06 12:52:39,907 [INFO] PluginManage:359 - Loaded plugin ipmanager (category:base,tabindex:5)
2023-10-06 12:52:39,907 [INFO] PluginManage:310 - Check plugin lpbam
2023-10-06 12:52:39,938 [INFO] PluginManage:359 - Loaded plugin lpbam (category:base,tabindex:0)
2023-10-06 12:52:39,938 [INFO] PluginManage:310 - Check plugin memorymap
2023-10-06 12:52:39,984 [INFO] PluginManage:359 - Loaded plugin memorymap (category:base,tabindex:4)
2023-10-06 12:52:39,984 [INFO] PluginManage:310 - Check plugin pinoutandconfiguration
2023-10-06 12:52:40,017 [INFO] PluginManage:359 - Loaded plugin pinoutandconfiguration (category:base,tabindex:1)
2023-10-06 12:52:40,018 [INFO] PluginManage:310 - Check plugin pinoutconfig
2023-10-06 12:52:40,228 [WARN] SupportedApi:132 - Cannot load RTOS API schema: s4s-elt-must-match.1: The content of 'definitions' must match (annotation?, (simpleType | complexType)?, (unique | key | keyref)*)). A problem was found starting at: attribute.
2023-10-06 12:52:40,547 [INFO] PluginManage:359 - Loaded plugin pinoutconfig (category:base,tabindex:0)
2023-10-06 12:52:40,548 [INFO] PluginManage:310 - Check plugin power
2023-10-06 12:52:40,587 [INFO] PluginManage:359 - Loaded plugin power (category:power,tabindex:4)
2023-10-06 12:52:40,588 [INFO] PluginManage:310 - Check plugin projectmanager
2023-10-06 12:52:40,619 [INFO] PluginManage:359 - Loaded plugin projectmanager (category:projectmanager,tabindex:3)
2023-10-06 12:52:40,619 [INFO] PluginManage:310 - Check plugin thirdparty
2023-10-06 12:52:41,171 [INFO] PluginManage:359 - Loaded plugin thirdparty (category:base,tabindex:-1)
2023-10-06 12:52:41,171 [WARN] IntegrityCheckThread:84 - waiting for thirdparty lock release [integrity check]
2023-10-06 12:52:41,171 [INFO] PluginManage:310 - Check plugin tools
2023-10-06 12:52:41,171 [INFO] IntegrityCheckThread:86 - entering critical section [integrity check]
2023-10-06 12:52:41,172 [INFO] ThirdPartyUpdaterWithRetryManager:70 - Updater plugin not ready yet. [1/15]
2023-10-06 12:52:41,240 [INFO] PluginManage:359 - Loaded plugin tools (category:base,tabindex:7)
2023-10-06 12:52:41,240 [INFO] PluginManage:310 - Check plugin tutovideos
2023-10-06 12:52:41,654 [INFO] PluginManage:359 - Loaded plugin tutovideos (category:base,tabindex:-1)
2023-10-06 12:52:41,654 [INFO] PluginManage:310 - Check plugin updater
2023-10-06 12:52:41,674 [INFO] PluginManage:359 - Loaded plugin updater (category:base,tabindex:12)
2023-10-06 12:52:41,675 [INFO] PluginManage:310 - Check plugin userauth
2023-10-06 12:52:41,687 [INFO] UserAuth:113 - Init User Auth plugin
2023-10-06 12:52:41,687 [INFO] PluginManage:359 - Loaded plugin userauth (category:base,tabindex:14)
2023-10-06 12:52:41,689 [INFO] PluginManage:283 - PluginManage : Loaded plugins [17]
2023-10-06 12:52:42,191 [INFO] PinOutPanel:1499 - setPackage(No Configuration,No Configuration)
2023-10-06 12:52:42,454 [INFO] CADModel:165 - CPN selected for project level
2023-10-06 12:52:42,455 [INFO] CADModel:114 - Register for checkConnection events
2023-10-06 12:52:42,511 [INFO] IPUIPlugin:80 - create IPUIPlugin
2023-10-06 12:52:42,512 [INFO] PluginManager:220 - loadIPPluginJar : add adc
2023-10-06 12:52:42,590 [INFO] IPUIPlugin:80 - create IPUIPlugin
2023-10-06 12:52:42,591 [INFO] PluginManager:220 - loadIPPluginJar : add aes
2023-10-06 12:52:42,670 [INFO] IPUIPlugin:80 - create IPUIPlugin
2023-10-06 12:52:42,670 [INFO] PluginManager:220 - loadIPPluginJar : add can
2023-10-06 12:52:42,719 [INFO] IPUIPlugin:80 - create IPUIPlugin
2023-10-06 12:52:42,719 [INFO] PluginManager:220 - loadIPPluginJar : add comp
2023-10-06 12:52:42,792 [INFO] IPUIPlugin:80 - create IPUIPlugin
2023-10-06 12:52:42,792 [INFO] PluginManager:220 - loadIPPluginJar : add cryp
2023-10-06 12:52:42,859 [INFO] IPUIPlugin:80 - create IPUIPlugin
2023-10-06 12:52:42,859 [INFO] PluginManager:220 - loadIPPluginJar : add dfsdm
2023-10-06 12:52:42,885 [INFO] IPUIPlugin:80 - create IPUIPlugin
2023-10-06 12:52:42,886 [INFO] PluginManager:220 - loadIPPluginJar : add dma
2023-10-06 12:52:42,973 [INFO] IPUIPlugin:80 - create IPUIPlugin
2023-10-06 12:52:42,973 [INFO] PluginManager:220 - loadIPPluginJar : add dma3
2023-10-06 12:52:43,012 [INFO] IPUIPlugin:80 - create IPUIPlugin
2023-10-06 12:52:43,013 [INFO] PluginManager:220 - loadIPPluginJar : add fatfs
2023-10-06 12:52:43,110 [INFO] IPUIPlugin:80 - create IPUIPlugin
2023-10-06 12:52:43,110 [INFO] PluginManager:220 - loadIPPluginJar : add fmc
2023-10-06 12:52:43,137 [INFO] IPUIPlugin:80 - create IPUIPlugin
2023-10-06 12:52:43,137 [INFO] PluginManager:220 - loadIPPluginJar : add freertos
2023-10-06 12:52:43,177 [INFO] IPUIPlugin:80 - create IPUIPlugin
2023-10-06 12:52:43,178 [INFO] PluginManager:220 - loadIPPluginJar : add genericplugin
2023-10-06 12:52:43,362 [INFO] IPUIPlugin:80 - create IPUIPlugin
2023-10-06 12:52:43,363 [INFO] PluginManager:220 - loadIPPluginJar : add gfxmmu
2023-10-06 12:52:43,631 [INFO] IPUIPlugin:80 - create IPUIPlugin
2023-10-06 12:52:43,632 [INFO] PluginManager:220 - loadIPPluginJar : add gic
2023-10-06 12:52:43,660 [INFO] IPUIPlugin:80 - create IPUIPlugin
2023-10-06 12:52:43,660 [INFO] PluginManager:220 - loadIPPluginJar : add gpio
2023-10-06 12:52:43,856 [INFO] IPUIPlugin:80 - create IPUIPlugin
2023-10-06 12:52:43,856 [INFO] PluginManager:220 - loadIPPluginJar : add gtzc
2023-10-06 12:52:43,927 [INFO] IPUIPlugin:80 - create IPUIPlugin
2023-10-06 12:52:43,927 [INFO] PluginManager:220 - loadIPPluginJar : add hash
2023-10-06 12:52:44,032 [INFO] IPUIPlugin:80 - create IPUIPlugin
2023-10-06 12:52:44,033 [INFO] PluginManager:220 - loadIPPluginJar : add i2c
2023-10-06 12:52:44,110 [INFO] IPUIPlugin:80 - create IPUIPlugin
2023-10-06 12:52:44,110 [INFO] PluginManager:220 - loadIPPluginJar : add i2s
2023-10-06 12:52:44,173 [INFO] ThirdPartyUpdaterWithRetryManager:70 - Updater plugin not ready yet. [2/15]
2023-10-06 12:52:44,197 [INFO] IPUIPlugin:80 - create IPUIPlugin
2023-10-06 12:52:44,198 [INFO] PluginManager:220 - loadIPPluginJar : add i3c
2023-10-06 12:52:44,418 [INFO] IPUIPlugin:80 - create IPUIPlugin
2023-10-06 12:52:44,418 [INFO] PluginManager:220 - loadIPPluginJar : add ipddr
2023-10-06 12:52:44,602 [INFO] IPUIPlugin:80 - create IPUIPlugin
2023-10-06 12:52:44,603 [INFO] PluginManager:220 - loadIPPluginJar : add linkedlist
2023-10-06 12:52:44,672 [INFO] IPUIPlugin:80 - create IPUIPlugin
2023-10-06 12:52:44,672 [INFO] PluginManager:220 - loadIPPluginJar : add lorawan
2023-10-06 12:52:44,750 [INFO] IPUIPlugin:80 - create IPUIPlugin
2023-10-06 12:52:44,750 [INFO] PluginManager:220 - loadIPPluginJar : add ltdc
2023-10-06 12:52:44,778 [INFO] IPUIPlugin:80 - create IPUIPlugin
2023-10-06 12:52:44,779 [INFO] PluginManager:220 - loadIPPluginJar : add mdma
2023-10-06 12:52:44,800 [INFO] IPUIPlugin:80 - create IPUIPlugin
2023-10-06 12:52:44,800 [INFO] PluginManager:220 - loadIPPluginJar : add nvic
2023-10-06 12:52:44,868 [INFO] IPUIPlugin:80 - create IPUIPlugin
2023-10-06 12:52:44,870 [INFO] PluginManager:220 - loadIPPluginJar : add opamp
2023-10-06 12:52:44,984 [INFO] IPUIPlugin:80 - create IPUIPlugin
2023-10-06 12:52:44,984 [INFO] PluginManager:220 - loadIPPluginJar : add openamp
2023-10-06 12:52:45,066 [INFO] IPUIPlugin:80 - create IPUIPlugin
2023-10-06 12:52:45,066 [INFO] PluginManager:220 - loadIPPluginJar : add pdm2pcm
2023-10-06 12:52:45,095 [INFO] IPUIPlugin:80 - create IPUIPlugin
2023-10-06 12:52:45,101 [INFO] PluginManager:220 - loadIPPluginJar : add plateformsettings
2023-10-06 12:52:45,146 [INFO] IPUIPlugin:80 - create IPUIPlugin
2023-10-06 12:52:45,147 [INFO] PluginManager:220 - loadIPPluginJar : add quadspi
2023-10-06 12:52:45,166 [INFO] IPUIPlugin:80 - create IPUIPlugin
2023-10-06 12:52:45,166 [INFO] PluginManager:220 - loadIPPluginJar : add resmgrutility
2023-10-06 12:52:45,256 [INFO] IPUIPlugin:80 - create IPUIPlugin
2023-10-06 12:52:45,256 [INFO] PluginManager:220 - loadIPPluginJar : add sai
2023-10-06 12:52:45,325 [INFO] IPUIPlugin:80 - create IPUIPlugin
2023-10-06 12:52:45,325 [INFO] PluginManager:220 - loadIPPluginJar : add spi
2023-10-06 12:52:45,437 [INFO] IPUIPlugin:80 - create IPUIPlugin
2023-10-06 12:52:45,438 [INFO] PluginManager:220 - loadIPPluginJar : add stm32_wpan
2023-10-06 12:52:45,484 [INFO] IPUIPlugin:80 - create IPUIPlugin
2023-10-06 12:52:45,485 [INFO] PluginManager:220 - loadIPPluginJar : add tim
2023-10-06 12:52:45,594 [INFO] IPUIPlugin:80 - create IPUIPlugin
2023-10-06 12:52:45,595 [INFO] PluginManager:220 - loadIPPluginJar : add touchsensing
2023-10-06 12:52:45,645 [INFO] IPUIPlugin:80 - create IPUIPlugin
2023-10-06 12:52:45,645 [INFO] PluginManager:220 - loadIPPluginJar : add tracer_emb
2023-10-06 12:52:45,691 [INFO] IPUIPlugin:80 - create IPUIPlugin
2023-10-06 12:52:45,691 [INFO] PluginManager:220 - loadIPPluginJar : add ts
2023-10-06 12:52:45,732 [INFO] IPUIPlugin:80 - create IPUIPlugin
2023-10-06 12:52:45,732 [INFO] PluginManager:220 - loadIPPluginJar : add tsc
2023-10-06 12:52:45,776 [INFO] IPUIPlugin:80 - create IPUIPlugin
2023-10-06 12:52:45,776 [INFO] PluginManager:220 - loadIPPluginJar : add ucpd
2023-10-06 12:52:45,863 [INFO] IPUIPlugin:80 - create IPUIPlugin
2023-10-06 12:52:45,863 [INFO] PluginManager:220 - loadIPPluginJar : add usart
2023-10-06 12:52:45,950 [INFO] IPUIPlugin:80 - create IPUIPlugin
2023-10-06 12:52:45,951 [INFO] PluginManager:220 - loadIPPluginJar : add usbx
2023-10-06 12:52:46,178 [INFO] CADModel:165 - CPN selected for project level
2023-10-06 12:52:46,179 [INFO] CADModel:114 - Register for checkConnection events
2023-10-06 12:52:46,179 [FATAL] Updater:308 - Updater called before beeing initialized
2023-10-06 12:52:46,179 [ERROR] CADModel:125 - Updater not yet initialized, retry later 
2023-10-06 12:52:46,489 [INFO] CADModel:165 - CPN selected for project level
2023-10-06 12:52:46,490 [INFO] CADModel:114 - Register for checkConnection events
2023-10-06 12:52:46,490 [FATAL] Updater:308 - Updater called before beeing initialized
2023-10-06 12:52:46,490 [ERROR] CADModel:125 - Updater not yet initialized, retry later 
2023-10-06 12:52:46,498 [FATAL] Updater:308 - Updater called before beeing initialized
2023-10-06 12:52:46,749 [FATAL] Updater:308 - Updater called before beeing initialized
2023-10-06 12:52:46,780 [INFO] DbMcusAds:53 - JSON generation date=Tue Mar 07 17:50:55 GMT+09:00 2023 (1678179055114)
2023-10-06 12:52:46,781 [FATAL] Updater:308 - Updater called before beeing initialized
2023-10-06 12:52:46,924 [WARN] DetailPanel:346 - Failed to get advertising image, set to default
2023-10-06 12:52:47,138 [FATAL] Updater:308 - Updater called before beeing initialized
2023-10-06 12:52:47,143 [FATAL] Updater:308 - Updater called before beeing initialized
2023-10-06 12:52:47,143 [FATAL] Updater:308 - Updater called before beeing initialized
2023-10-06 12:52:47,143 [WARN] DetailPanel:346 - Failed to get advertising image, set to default
2023-10-06 12:52:47,145 [FATAL] Updater:308 - Updater called before beeing initialized
2023-10-06 12:52:47,174 [INFO] ThirdPartyUpdaterWithRetryManager:70 - Updater plugin not ready yet. [3/15]
2023-10-06 12:52:47,279 [ERROR] Updater:1120 - MainUpdater not yet initialized. External WinMGr cannot be set.
2023-10-06 12:52:47,295 [INFO] Updater:1056 - Updater Version found : 6.9.2
2023-10-06 12:52:47,334 [INFO] ApplicationProperties:184 - Using Application install path: C:\mechatronics\STM32CubeIDE_1.10.1\STM32CubeIDE\plugins\com.st.stm32cube.common.mx_6.9.2.202309101412
2023-10-06 12:52:48,112 [INFO] MainUpdater:2868 - connection check result : 10
2023-10-06 12:52:48,113 [INFO] MainUpdater:285 - Updater Check For Update Now.
2023-10-06 12:52:48,113 [INFO] MicroXplorer:498 - Change Database Version : DB.6.0.92
2023-10-06 12:52:48,139 [INFO] McuFinderGlobals:63 - Set McuFinder mode to 2 (CubeIDE integrated)
2023-10-06 12:52:48,141 [INFO] UserAuth:179 - activating auth plugin
2023-10-06 12:52:48,148 [INFO] UserAuth:393 - Internet connection configuration mode: 1
2023-10-06 12:52:48,194 [INFO] JxBrowserEngine:151 - Initiate JxBrowser Engine with user profile folder
2023-10-06 12:52:48,410 [INFO] CheckServerUpdateThread:120 - End of CheckServer Thread
2023-10-06 12:52:50,598 [WARN] PackLoader:240 - Cannot read IP mode file for STMicroelectronics.X-CUBE-SMBUS.2.1.0
2023-10-06 12:52:50,690 [WARN] PackLoader:240 - Cannot read IP mode file for STMicroelectronics.X-CUBE-AZRTOS-F7.1.1.0
2023-10-06 12:52:50,746 [WARN] PackLoader:240 - Cannot read IP mode file for STMicroelectronics.FP-SNS-MOTENV1.4.3.2
2023-10-06 12:52:50,778 [WARN] PackLoader:240 - Cannot read IP mode file for STMicroelectronics.FP-SNS-FLIGHT1.5.0.1
2023-10-06 12:52:50,820 [WARN] PackLoader:240 - Cannot read IP mode file for STMicroelectronics.X-CUBE-BLE1.6.2.3
2023-10-06 12:52:50,869 [WARN] PackLoader:240 - Cannot read IP mode file for STMicroelectronics.X-CUBE-BLE1.6.2.4
2023-10-06 12:52:50,901 [WARN] PackLoader:240 - Cannot read IP mode file for STMicroelectronics.FP-SNS-FLIGHT1.5.0.2
2023-10-06 12:52:50,947 [WARN] PackLoader:240 - Cannot read IP mode file for STMicroelectronics.X-CUBE-DISPLAY.3.0.0
2023-10-06 12:52:50,995 [WARN] PackLoader:240 - Cannot read IP mode file for STMicroelectronics.X-CUBE-BLE1.7.0.0
2023-10-06 12:52:51,029 [WARN] PackLoader:240 - Cannot read IP mode file for STMicroelectronics.X-CUBE-TOUCHGFX.4.22.0
2023-10-06 12:52:51,052 [WARN] PackLoader:240 - Cannot read IP mode file for STMicroelectronics.X-CUBE-TOUCHGFX.4.22.1
2023-10-06 12:52:51,200 [WARN] PackLoader:240 - Cannot read IP mode file for STMicroelectronics.X-CUBE-MEMS1.9.3.0
2023-10-06 12:52:51,768 [WARN] PackLoader:240 - Cannot read IP mode file for STMicroelectronics.FP-SNS-SMARTAG2.1.2.0
2023-10-06 12:52:51,809 [INFO] LogOutputStream:77 - [STDOUT_REDIRECT] 1 : Invalid condition id : UX_CORESTACK_Condition cause : null
2023-10-06 12:52:51,810 [INFO] LogOutputStream:77 - [STDOUT_REDIRECT] 1 : Invalid condition id : UX_CORESTACK_Condition cause : null
2023-10-06 12:52:51,813 [INFO] LogOutputStream:77 - [STDOUT_REDIRECT] 1 : Invalid condition id : UX_CORESTACK_Condition cause : null
2023-10-06 12:52:51,816 [INFO] LogOutputStream:77 - [STDOUT_REDIRECT] 1 : Invalid condition id : UX_CORESTACK_Condition cause : null
2023-10-06 12:52:51,818 [INFO] LogOutputStream:77 - [STDOUT_REDIRECT] 1 : Invalid condition id : UX_CORESTACK_Condition cause : null
2023-10-06 12:52:51,825 [WARN] PackLoader:240 - Cannot read IP mode file for STMicroelectronics.X-CUBE-AZRTOS-WL.2.0.0
2023-10-06 12:52:51,851 [INFO] WebApp:157 - Instantiating new browser for Auth
2023-10-06 12:52:51,861 [WARN] PackLoader:240 - Cannot read IP mode file for WES.I-CUBE-Cesium.1.3.0
2023-10-06 12:52:51,886 [WARN] PackLoader:240 - Cannot read IP mode file for STMicroelectronics.X-CUBE-BLE2.3.3.0
2023-10-06 12:52:51,918 [WARN] PackLoader:240 - Cannot read IP mode file for STMicroelectronics.X-CUBE-DISPLAY.2.2.0
2023-10-06 12:52:51,993 [WARN] PackLoader:240 - Cannot read IP mode file for STMicroelectronics.X-CUBE-TOF1.3.2.0
2023-10-06 12:52:52,032 [WARN] PackLoader:240 - Cannot read IP mode file for STMicroelectronics.X-CUBE-ISPU.1.0.0
2023-10-06 12:52:52,133 [WARN] PackLoader:240 - Cannot read IP mode file for STMicroelectronics.X-CUBE-AZRTOS-H7.2.1.0
2023-10-06 12:52:52,167 [WARN] PackLoader:240 - Cannot read IP mode file for STMicroelectronics.X-CUBE-TOUCHGFX.4.21.1
2023-10-06 12:52:52,189 [WARN] PackLoader:240 - Cannot read IP mode file for STMicroelectronics.X-CUBE-TOUCHGFX.4.21.0
2023-10-06 12:52:52,206 [WARN] PackLoader:240 - Cannot read IP mode file for STMicroelectronics.X-CUBE-TOUCHGFX.4.21.3
2023-10-06 12:52:52,299 [WARN] PackLoader:240 - Cannot read IP mode file for STMicroelectronics.X-CUBE-MEMS1.9.4.0
2023-10-06 12:52:52,484 [WARN] PackLoader:240 - Cannot read IP mode file for STMicroelectronics.X-CUBE-AI.7.3.0
2023-10-06 12:52:52,508 [WARN] PackLoader:240 - Cannot read IP mode file for STMicroelectronics.X-CUBE-ALGOBUILD.1.3.0
2023-10-06 12:52:52,557 [WARN] PackLoader:240 - Cannot read IP mode file for STMicroelectronics.X-CUBE-AZRTOS-G0.1.1.0
2023-10-06 12:52:52,588 [WARN] PackLoader:240 - Cannot read IP mode file for STMicroelectronics.X-CUBE-NFC4.3.0.0
2023-10-06 12:52:52,671 [WARN] PackLoader:240 - Cannot read IP mode file for SEGGER.I-CUBE-embOS.1.2.1
2023-10-06 12:52:52,772 [WARN] PackLoader:240 - Cannot read IP mode file for STMicroelectronics.X-CUBE-BLEMGR.1.3.0
2023-10-06 12:52:52,810 [WARN] PackLoader:240 - Cannot read IP mode file for STMicroelectronics.FP-ATR-SIGFOX1.3.2.0
2023-10-06 12:52:52,841 [WARN] PackLoader:240 - Cannot read IP mode file for emotas.I-CUBE-CANOPEN.1.1.2
2023-10-06 12:52:52,868 [WARN] PackLoader:240 - Cannot read IP mode file for STMicroelectronics.X-CUBE-TOUCHGFX.4.20.0
2023-10-06 12:52:52,966 [WARN] PackLoader:240 - Cannot read IP mode file for STMicroelectronics.X-CUBE-MEMS1.9.5.0
2023-10-06 12:52:53,236 [INFO] WebApp:753 - Register for checkConnection events
2023-10-06 12:52:53,236 [INFO] WebApp:390 - Apply proxy settings
2023-10-06 12:52:53,237 [INFO] WebApp:475 - Chromium requires no authentication
2023-10-06 12:52:53,254 [INFO] WebApp:418 - Direct internet connection detected
2023-10-06 12:52:53,265 [WARN] PackLoader:240 - Cannot read IP mode file for SEGGER.I-CUBE-embOS.1.3.1
2023-10-06 12:52:53,342 [WARN] PackLoader:240 - Cannot read IP mode file for STMicroelectronics.X-CUBE-GNSS1.6.0.0
2023-10-06 12:52:53,394 [WARN] PackLoader:240 - Cannot read IP mode file for STMicroelectronics.X-CUBE-AZRTOS-F4.1.1.0
2023-10-06 12:52:53,423 [WARN] PackLoader:240 - Cannot read IP mode file for STMicroelectronics.X-CUBE-BLEMGR.1.2.0
2023-10-06 12:52:53,475 [WARN] PackLoader:240 - Cannot read IP mode file for STMicroelectronics.X-CUBE-AZRTOS-L5.2.0.0
2023-10-06 12:52:53,559 [WARN] PackLoader:240 - Cannot read IP mode file for STMicroelectronics.X-CUBE-MEMS1.9.6.0
2023-10-06 12:52:53,703 [INFO] WebApp:188 - Starting web application
2023-10-06 12:52:53,703 [INFO] WebApp:520 - Web application path used C:\mechatronics\STM32CubeIDE_1.10.1\STM32CubeIDE\plugins\com.st.stm32cube.common.mx_6.9.2.202309101412\db\plugins\mcufinder\reactClient1\index.html
2023-10-06 12:52:53,813 [WARN] PackLoader:240 - Cannot read IP mode file for ITTIA_DB.I-CUBE-ITTIADB.8.8.0
2023-10-06 12:52:53,840 [WARN] PackLoader:240 - Cannot read IP mode file for STMicroelectronics.X-CUBE-BLEMGR.2.0.0
2023-10-06 12:52:53,872 [WARN] PackLoader:240 - Cannot read IP mode file for STMicroelectronics.X-CUBE-NFC4.2.0.5
2023-10-06 12:52:53,896 [WARN] PackLoader:240 - Cannot read IP mode file for STMicroelectronics.X-CUBE-NFC4.2.0.4
2023-10-06 12:52:53,937 [WARN] ConditionMgr:438 - getConditionDescription Invalid condition id : UX DEVICE CLASS RTOS Condition cause : null
2023-10-06 12:52:53,938 [WARN] ConditionMgr:438 - getConditionDescription Invalid condition id : UX DEVICE CLASS RTOS Condition cause : null
2023-10-06 12:52:53,945 [WARN] PackLoader:240 - Cannot read IP mode file for STMicroelectronics.X-CUBE-AZRTOS-H7.3.1.0
2023-10-06 12:52:53,946 [WARN] ConditionMgr:1039 - genDependencies : Invalid condition id : UX DEVICE CLASS RTOS Condition cause : null
2023-10-06 12:52:53,947 [WARN] ConditionMgr:1039 - genDependencies : Invalid condition id : UX DEVICE CLASS RTOS Condition cause : null
2023-10-06 12:52:53,947 [WARN] ConditionMgr:1039 - genDependencies : Invalid condition id : UX DEVICE CLASS RTOS Condition cause : null
2023-10-06 12:52:53,948 [WARN] ConditionMgr:1039 - genDependencies : Invalid condition id : UX DEVICE CLASS RTOS Condition cause : null
2023-10-06 12:52:53,948 [WARN] ConditionMgr:1039 - genDependencies : Invalid condition id : UX DEVICE CLASS RTOS Condition cause : null
2023-10-06 12:52:53,966 [WARN] PackLoader:240 - Cannot read IP mode file for wolfSSL.I-CUBE-wolfSSL.5.5.1
2023-10-06 12:52:53,986 [WARN] PackLoader:240 - Cannot read IP mode file for STMicroelectronics.X-CUBE-NFC7.1.0.1
2023-10-06 12:52:54,011 [WARN] PackLoader:240 - Cannot read IP mode file for STMicroelectronics.X-CUBE-NFC7.1.0.0
2023-10-06 12:52:54,053 [WARN] PackLoader:240 - Cannot read IP mode file for STMicroelectronics.X-CUBE-NFC6.3.0.0
2023-10-06 12:52:54,084 [WARN] PackLoader:240 - Cannot read IP mode file for STMicroelectronics.X-CUBE-EEPRMA1.4.1.0
2023-10-06 12:52:54,106 [WARN] PackLoader:240 - Cannot read IP mode file for STMicroelectronics.X-CUBE-AI.8.1.0
2023-10-06 12:52:54,169 [WARN] ConditionMgr:438 - getConditionDescription Invalid condition id : LAN8742 Phy interface Condition cause : null
2023-10-06 12:52:54,171 [WARN] PackLoader:240 - Cannot read IP mode file for STMicroelectronics.X-CUBE-AZRTOS-L4.2.0.0
2023-10-06 12:52:54,172 [WARN] ConditionMgr:1039 - genDependencies : Invalid condition id : LAN8742 Phy interface Condition cause : null
2023-10-06 12:52:54,172 [WARN] ConditionMgr:1039 - genDependencies : Invalid condition id : LAN8742 Phy interface Condition cause : null
2023-10-06 12:52:54,173 [WARN] ConditionMgr:1039 - genDependencies : Invalid condition id : LAN8742 Phy interface Condition cause : null
2023-10-06 12:52:54,203 [WARN] PackLoader:240 - Cannot read IP mode file for STMicroelectronics.X-CUBE-SFXS2LP1.4.0.0
2023-10-06 12:52:54,250 [WARN] PackLoader:240 - Cannot read IP mode file for STMicroelectronics.X-CUBE-AZRTOS-H7.3.0.0
2023-10-06 12:52:54,280 [WARN] PackLoader:240 - Cannot read IP mode file for STMicroelectronics.X-CUBE-ISPU.1.1.0
2023-10-06 12:52:54,307 [WARN] PackLoader:240 - Cannot read IP mode file for RoweBots.I-CUBE-UNISONRTOS.5.5.0-4
2023-10-06 12:52:54,331 [WARN] PackLoader:240 - Cannot read IP mode file for STMicroelectronics.X-CUBE-AI.8.0.0
2023-10-06 12:52:54,366 [WARN] ConditionMgr:438 - getConditionDescription Invalid condition id : UX DEVICE CLASS RTOS Condition cause : null
2023-10-06 12:52:54,367 [WARN] ConditionMgr:438 - getConditionDescription Invalid condition id : UX DEVICE CLASS RTOS Condition cause : null
2023-10-06 12:52:54,370 [WARN] PackLoader:240 - Cannot read IP mode file for STMicroelectronics.X-CUBE-AZRTOS-WB.2.0.0
2023-10-06 12:52:54,371 [WARN] ConditionMgr:1039 - genDependencies : Invalid condition id : UX DEVICE CLASS RTOS Condition cause : null
2023-10-06 12:52:54,372 [WARN] ConditionMgr:1039 - genDependencies : Invalid condition id : UX DEVICE CLASS RTOS Condition cause : null
2023-10-06 12:52:54,372 [WARN] ConditionMgr:1039 - genDependencies : Invalid condition id : UX DEVICE CLASS RTOS Condition cause : null
2023-10-06 12:52:54,373 [WARN] ConditionMgr:1039 - genDependencies : Invalid condition id : UX DEVICE CLASS RTOS Condition cause : null
2023-10-06 12:52:54,373 [WARN] ConditionMgr:1039 - genDependencies : Invalid condition id : UX DEVICE CLASS RTOS Condition cause : null
2023-10-06 12:52:54,398 [WARN] PackLoader:240 - Cannot read IP mode file for STMicroelectronics.X-CUBE-FREERTOS.1.0.0
2023-10-06 12:52:54,418 [WARN] PackLoader:240 - Cannot read IP mode file for STMicroelectronics.X-CUBE-FREERTOS.1.0.1
2023-10-06 12:52:54,463 [WARN] PackLoader:240 - Cannot read IP mode file for STMicroelectronics.X-CUBE-AZRTOS-L5.1.1.0
2023-10-06 12:52:54,490 [WARN] PackLoader:240 - Cannot read IP mode file for STMicroelectronics.X-CUBE-AI.8.0.1
2023-10-06 12:52:54,543 [WARN] PackLoader:240 - Cannot read IP mode file for STMicroelectronics.X-CUBE-SUBG2.5.0.0
2023-10-06 12:52:54,600 [WARN] PackLoader:240 - Cannot read IP mode file for STMicroelectronics.X-CUBE-TOF1.3.3.1
2023-10-06 12:52:54,658 [WARN] PackLoader:240 - Cannot read IP mode file for STMicroelectronics.X-CUBE-AZRTOS-G4.2.0.0
2023-10-06 12:52:54,700 [WARN] PackLoader:240 - Cannot read IP mode file for STMicroelectronics.X-CUBE-TOF1.3.3.0
2023-10-06 12:52:54,735 [WARN] PackLoader:240 - Cannot read IP mode file for STMicroelectronics.FP-ATR-ASTRA1.1.1.1
2023-10-06 12:52:54,769 [WARN] PackLoader:240 - Cannot read IP mode file for STMicroelectronics.X-CUBE-AZRTOS-G4.1.0.0
2023-10-06 12:52:54,828 [WARN] PackLoader:240 - Cannot read IP mode file for STMicroelectronics.X-CUBE-AZRTOS-L4.1.0.0
2023-10-06 12:52:54,855 [WARN] PackLoader:240 - Cannot read IP mode file for STMicroelectronics.X-CUBE-FREERTOS.1.1.0
2023-10-06 12:52:54,888 [WARN] PackLoader:240 - Cannot read IP mode file for STMicroelectronics.X-CUBE-AZRTOS-WL.1.0.0
2023-10-06 12:52:54,912 [WARN] PackLoader:240 - Cannot read IP mode file for portGmbH.I-Cube-SoM-uGOAL.1.1.0
2023-10-06 12:52:54,934 [WARN] PackLoader:240 - Cannot read IP mode file for STMicroelectronics.X-CUBE-ALS.1.0.1
2023-10-06 12:52:54,979 [WARN] PackLoader:240 - Cannot read IP mode file for STMicroelectronics.X-CUBE-AZRTOS-WB.1.1.0
2023-10-06 12:52:55,034 [WARN] PackLoader:240 - Cannot read IP mode file for STMicroelectronics.X-CUBE-AZRTOS-L5.1.0.0
2023-10-06 12:52:55,062 [WARN] PackLoader:240 - Cannot read IP mode file for STMicroelectronics.X-CUBE-EEPRMA1.3.1.1
2023-10-06 12:52:55,084 [WARN] PackLoader:240 - Cannot read IP mode file for STMicroelectronics.FP-ATR-ASTRA1.2.0.0
2023-10-06 12:52:55,085 [INFO] ThirdParty:978 - Integrity check success = true
2023-10-06 12:52:55,086 [INFO] IntegrityCheckThread:100 - exiting critical section [integrity check]
2023-10-06 12:52:55,087 [INFO] IntegrityCheckThread:103 - End integrity checks thread
2023-10-06 12:53:15,088 [ERROR] LogOutputStream:75 - [STDERR_REDIRECT] SLF4J: Failed to load class "org.slf4j.impl.StaticLoggerBinder".
2023-10-06 12:53:15,090 [ERROR] LogOutputStream:75 - [STDERR_REDIRECT] SLF4J: Defaulting to no-operation (NOP) logger implementation
2023-10-06 12:53:15,092 [ERROR] LogOutputStream:75 - [STDERR_REDIRECT] SLF4J: See http://www.slf4j.org/codes.html#StaticLoggerBinder for further details.
2023-10-06 12:58:33,001 [ERROR] LogOutputStream:75 - [STDERR_REDIRECT] 
